0 verbose cli /data/data/com.termux/files/usr/bin/node /data/data/com.termux/files/usr/bin/npm
1 info using npm@11.15.0
2 info using node@v26.2.0
3 silly config load:file:/data/data/com.termux/files/usr/lib/node_modules/npm/npmrc
4 silly config load:file:/data/data/com.termux/files/home/zimdev/.npmrc
5 silly config load:file:/data/data/com.termux/files/home/.npmrc
6 silly config load:file:/data/data/com.termux/files/usr/etc/npmrc
7 verbose title npm uninstall @tailwindcss/vite tailwindcss
8 verbose argv "uninstall" "@tailwindcss/vite" "tailwindcss"
9 verbose logfile logs-max:10 dir:/data/data/com.termux/files/home/.npm/_logs/2026-06-04T13_18_57_071Z-
10 verbose logfile /data/data/com.termux/files/home/.npm/_logs/2026-06-04T13_18_57_071Z-debug-0.log
11 silly logfile start cleaning logs, removing 1 files
12 silly logfile done cleaning log files
13 silly packumentCache heap:521142272 maxSize:130285568 maxEntrySize:65142784
14 silly idealTree buildDeps
15 silly reify mark retired [
15 silly reify   '/data/data/com.termux/files/home/zimdev/node_modules/@tailwindcss/node'
15 silly reify ]
16 silly reify mark retired [
16 silly reify   '/data/data/com.termux/files/home/zimdev/node_modules/@tailwindcss/oxide'
16 silly reify ]
17 silly reify mark retired [
17 silly reify   '/data/data/com.termux/files/home/zimdev/node_modules/@tailwindcss/vite'
17 silly reify ]
18 silly reify mark retired [
18 silly reify   '/data/data/com.termux/files/home/zimdev/node_modules/enhanced-resolve'
18 silly reify ]
19 silly reify mark retired [ '/data/data/com.termux/files/home/zimdev/node_modules/graceful-fs' ]
20 silly reify mark retired [
20 silly reify   '/data/data/com.termux/files/home/zimdev/node_modules/jiti',
20 silly reify   '/data/data/com.termux/files/home/zimdev/node_modules/.bin/jiti'
20 silly reify ]
21 silly reify mark retired [ '/data/data/com.termux/files/home/zimdev/node_modules/magic-string' ]
22 silly reify mark retired [ '/data/data/com.termux/files/home/zimdev/node_modules/tailwindcss' ]
23 silly reify mark retired [ '/data/data/com.termux/files/home/zimdev/node_modules/tapable' ]
24 silly reify moves {
24 silly reify   '/data/data/com.termux/files/home/zimdev/node_modules/@tailwindcss/node': '/data/data/com.termux/files/home/zimdev/node_modules/@tailwindcss/.node-ZHuOxn69',
24 silly reify   '/data/data/com.termux/files/home/zimdev/node_modules/@tailwindcss/oxide': '/data/data/com.termux/files/home/zimdev/node_modules/@tailwindcss/.oxide-JAE7xM8K',
24 silly reify   '/data/data/com.termux/files/home/zimdev/node_modules/@tailwindcss/vite': '/data/data/com.termux/files/home/zimdev/node_modules/@tailwindcss/.vite-sG4psWZx',
24 silly reify   '/data/data/com.termux/files/home/zimdev/node_modules/enhanced-resolve': '/data/data/com.termux/files/home/zimdev/node_modules/.enhanced-resolve-rOKJPgc2',
24 silly reify   '/data/data/com.termux/files/home/zimdev/node_modules/graceful-fs': '/data/data/com.termux/files/home/zimdev/node_modules/.graceful-fs-3AjBa15r',
24 silly reify   '/data/data/com.termux/files/home/zimdev/node_modules/jiti': '/data/data/com.termux/files/home/zimdev/node_modules/.jiti-ppqDtw98',
24 silly reify   '/data/data/com.termux/files/home/zimdev/node_modules/.bin/jiti': '/data/data/com.termux/files/home/zimdev/node_modules/.bin/.jiti-9NZP4xtf',
24 silly reify   '/data/data/com.termux/files/home/zimdev/node_modules/magic-string': '/data/data/com.termux/files/home/zimdev/node_modules/.magic-string-kBopaAVK',
24 silly reify   '/data/data/com.termux/files/home/zimdev/node_modules/tailwindcss': '/data/data/com.termux/files/home/zimdev/node_modules/.tailwindcss-PwEhyql6',
24 silly reify   '/data/data/com.termux/files/home/zimdev/node_modules/tapable': '/data/data/com.termux/files/home/zimdev/node_modules/.tapable-qwNi40xe'
24 silly reify }
25 silly audit bulk request {
25 silly audit   '@babel/code-frame': [ '7.29.7' ],
25 silly audit   '@babel/compat-data': [ '7.29.7' ],
25 silly audit   '@babel/core': [ '7.29.7' ],
25 silly audit   '@babel/generator': [ '7.29.7' ],
25 silly audit   '@babel/helper-compilation-targets': [ '7.29.7' ],
25 silly audit   '@babel/helper-globals': [ '7.29.7' ],
25 silly audit   '@babel/helper-module-imports': [ '7.29.7' ],
25 silly audit   '@babel/helper-module-transforms': [ '7.29.7' ],
25 silly audit   '@babel/helper-plugin-utils': [ '7.29.7' ],
25 silly audit   '@babel/helper-string-parser': [ '7.29.7' ],
25 silly audit   '@babel/helper-validator-identifier': [ '7.29.7' ],
25 silly audit   '@babel/helper-validator-option': [ '7.29.7' ],
25 silly audit   '@babel/helpers': [ '7.29.7' ],
25 silly audit   '@babel/parser': [ '7.29.7' ],
25 silly audit   '@babel/plugin-transform-react-jsx-self': [ '7.29.7' ],
25 silly audit   '@babel/plugin-transform-react-jsx-source': [ '7.29.7' ],
25 silly audit   '@babel/template': [ '7.29.7' ],
25 silly audit   '@babel/traverse': [ '7.29.7' ],
25 silly audit   '@babel/types': [ '7.29.7' ],
25 silly audit   '@esbuild/aix-ppc64': [ '0.27.7' ],
25 silly audit   '@esbuild/android-arm': [ '0.27.7' ],
25 silly audit   '@esbuild/android-arm64': [ '0.27.7' ],
25 silly audit   '@esbuild/android-x64': [ '0.27.7' ],
25 silly audit   '@esbuild/darwin-arm64': [ '0.27.7' ],
25 silly audit   '@esbuild/darwin-x64': [ '0.27.7' ],
25 silly audit   '@esbuild/freebsd-arm64': [ '0.27.7' ],
25 silly audit   '@esbuild/freebsd-x64': [ '0.27.7' ],
25 silly audit   '@esbuild/linux-arm': [ '0.27.7' ],
25 silly audit   '@esbuild/linux-arm64': [ '0.27.7' ],
25 silly audit   '@esbuild/linux-ia32': [ '0.27.7' ],
25 silly audit   '@esbuild/linux-loong64': [ '0.27.7' ],
25 silly audit   '@esbuild/linux-mips64el': [ '0.27.7' ],
25 silly audit   '@esbuild/linux-ppc64': [ '0.27.7' ],
25 silly audit   '@esbuild/linux-riscv64': [ '0.27.7' ],
25 silly audit   '@esbuild/linux-s390x': [ '0.27.7' ],
25 silly audit   '@esbuild/linux-x64': [ '0.27.7' ],
25 silly audit   '@esbuild/netbsd-arm64': [ '0.27.7' ],
25 silly audit   '@esbuild/netbsd-x64': [ '0.27.7' ],
25 silly audit   '@esbuild/openbsd-arm64': [ '0.27.7' ],
25 silly audit   '@esbuild/openbsd-x64': [ '0.27.7' ],
25 silly audit   '@esbuild/openharmony-arm64': [ '0.27.7' ],
25 silly audit   '@esbuild/sunos-x64': [ '0.27.7' ],
25 silly audit   '@esbuild/win32-arm64': [ '0.27.7' ],
25 silly audit   '@esbuild/win32-ia32': [ '0.27.7' ],
25 silly audit   '@esbuild/win32-x64': [ '0.27.7' ],
25 silly audit   '@jridgewell/gen-mapping': [ '0.3.13' ],
25 silly audit   '@jridgewell/remapping': [ '2.3.5' ],
25 silly audit   '@jridgewell/resolve-uri': [ '3.1.2' ],
25 silly audit   '@jridgewell/sourcemap-codec': [ '1.5.5' ],
25 silly audit   '@jridgewell/trace-mapping': [ '0.3.31' ],
25 silly audit   '@rolldown/pluginutils': [ '1.0.0-beta.47' ],
25 silly audit   '@rollup/rollup-android-arm-eabi': [ '4.61.0' ],
25 silly audit   '@rollup/rollup-android-arm64': [ '4.61.0' ],
25 silly audit   '@rollup/rollup-darwin-arm64': [ '4.61.0' ],
25 silly audit   '@rollup/rollup-darwin-x64': [ '4.61.0' ],
25 silly audit   '@rollup/rollup-freebsd-arm64': [ '4.61.0' ],
25 silly audit   '@rollup/rollup-freebsd-x64': [ '4.61.0' ],
25 silly audit   '@rollup/rollup-linux-arm-gnueabihf': [ '4.61.0' ],
25 silly audit   '@rollup/rollup-linux-arm-musleabihf': [ '4.61.0' ],
25 silly audit   '@rollup/rollup-linux-arm64-gnu': [ '4.61.0' ],
25 silly audit   '@rollup/rollup-linux-arm64-musl': [ '4.61.0' ],
25 silly audit   '@rollup/rollup-linux-loong64-gnu': [ '4.61.0' ],
25 silly audit   '@rollup/rollup-linux-loong64-musl': [ '4.61.0' ],
25 silly audit   '@rollup/rollup-linux-ppc64-gnu': [ '4.61.0' ],
25 silly audit   '@rollup/rollup-linux-ppc64-musl': [ '4.61.0' ],
25 silly audit   '@rollup/rollup-linux-riscv64-gnu': [ '4.61.0' ],
25 silly audit   '@rollup/rollup-linux-riscv64-musl': [ '4.61.0' ],
25 silly audit   '@rollup/rollup-linux-s390x-gnu': [ '4.61.0' ],
25 silly audit   '@rollup/rollup-linux-x64-gnu': [ '4.61.0' ],
25 silly audit   '@rollup/rollup-linux-x64-musl': [ '4.61.0' ],
25 silly audit   '@rollup/rollup-openbsd-x64': [ '4.61.0' ],
25 silly audit   '@rollup/rollup-openharmony-arm64': [ '4.61.0' ],
25 silly audit   '@rollup/rollup-win32-arm64-msvc': [ '4.61.0' ],
25 silly audit   '@rollup/rollup-win32-ia32-msvc': [ '4.61.0' ],
25 silly audit   '@rollup/rollup-win32-x64-gnu': [ '4.61.0' ],
25 silly audit   '@rollup/rollup-win32-x64-msvc': [ '4.61.0' ],
25 silly audit   lightningcss: [ '1.32.0' ],
25 silly audit   'lightningcss-android-arm64': [ '1.32.0' ],
25 silly audit   'lightningcss-darwin-arm64': [ '1.32.0' ],
25 silly audit   'lightningcss-darwin-x64': [ '1.32.0' ],
25 silly audit   'lightningcss-freebsd-x64': [ '1.32.0' ],
25 silly audit   'lightningcss-linux-arm-gnueabihf': [ '1.32.0' ],
25 silly audit   'lightningcss-linux-arm64-gnu': [ '1.32.0' ],
25 silly audit   'lightningcss-linux-arm64-musl': [ '1.32.0' ],
25 silly audit   'lightningcss-linux-x64-gnu': [ '1.32.0' ],
25 silly audit   'lightningcss-linux-x64-musl': [ '1.32.0' ],
25 silly audit   'lightningcss-win32-arm64-msvc': [ '1.32.0' ],
25 silly audit   'lightningcss-win32-x64-msvc': [ '1.32.0' ],
25 silly audit   '@types/babel__core': [ '7.20.5' ],
25 silly audit   '@types/babel__generator': [ '7.27.0' ],
25 silly audit   '@types/babel__template': [ '7.4.4' ],
25 silly audit   '@types/babel__traverse': [ '7.28.0' ],
25 silly audit   '@types/estree': [ '1.0.9' ],
25 silly audit   '@types/node': [ '22.19.17' ],
25 silly audit   '@types/react': [ '19.2.7' ],
25 silly audit   '@types/react-dom': [ '19.2.3' ],
25 silly audit   '@vitejs/plugin-react': [ '5.1.1' ],
25 silly audit   'baseline-browser-mapping': [ '2.10.33' ],
25 silly audit   braces: [ '3.0.3' ],
25 silly audit   browserslist: [ '4.28.2' ],
25 silly audit   'caniuse-lite': [ '1.0.30001793' ],
25 silly audit   clsx: [ '2.1.1' ],
25 silly audit   'convert-source-map': [ '2.0.0' ],
25 silly audit   cookie: [ '1.1.1' ],
25 silly audit   csstype: [ '3.2.3' ],
25 silly audit   debug: [ '4.4.3' ],
25 silly audit   'detect-libc': [ '2.1.2' ],
25 silly audit   'electron-to-chromium': [ '1.5.364' ],
25 silly audit   esbuild: [ '0.27.7' ],
25 silly audit   escalade: [ '3.2.0' ],
25 silly audit   fdir: [ '6.5.0' ],
25 silly audit   'fill-range': [ '7.1.1' ],
25 silly audit   fsevents: [ '2.3.3' ],
25 silly audit   gensync: [ '1.0.0-beta.2' ],
25 silly audit   'is-number': [ '7.0.0' ],
25 silly audit   'js-tokens': [ '4.0.0' ],
25 silly audit   jsesc: [ '3.1.0' ],
25 silly audit   json5: [ '2.2.3' ],
25 silly audit   'lru-cache': [ '5.1.1' ],
25 silly audit   'lucide-react': [ '1.17.0' ],
25 silly audit   micromatch: [ '4.0.8' ],
25 silly audit   picomatch: [ '2.3.2', '4.0.4' ],
25 silly audit   ms: [ '2.1.3' ],
25 silly audit   nanoid: [ '3.3.12' ],
25 silly audit   'node-releases': [ '2.0.46' ],
25 silly audit   picocolors: [ '1.1.1' ],
25 silly audit   postcss: [ '8.5.15' ],
25 silly audit   react: [ '19.2.6' ],
25 silly audit   'react-dom': [ '19.2.6' ],
25 silly audit   'react-refresh': [ '0.18.0' ],
25 silly audit   'react-router': [ '7.16.0' ],
25 silly audit   'react-router-dom': [ '7.16.0' ],
25 silly audit   rollup: [ '4.61.0' ],
25 silly audit   scheduler: [ '0.27.0' ],
25 silly audit   semver: [ '6.3.1' ],
25 silly audit   'set-cookie-parser': [ '2.7.2' ],
25 silly audit   'source-map-js': [ '1.2.1' ],
25 silly audit   'tailwind-merge': [ '3.4.0' ],
25 silly audit   tinyglobby: [ '0.2.17' ],
25 silly audit   'to-regex-range': [ '5.0.1' ],
25 silly audit   typescript: [ '5.9.3' ],
25 silly audit   'undici-types': [ '6.21.0' ],
25 silly audit   'update-browserslist-db': [ '1.2.3' ],
25 silly audit   vite: [ '7.3.2' ],
25 silly audit   'vite-plugin-singlefile': [ '2.3.0' ],
25 silly audit   yallist: [ '3.1.1' ]
25 silly audit }
26 http fetch POST 200 https://registry.npmjs.org/-/npm/v1/security/advisories/bulk 2139ms
27 silly audit report {}
28 silly REMOVE node_modules/tapable
29 silly REMOVE node_modules/tailwindcss
30 silly REMOVE node_modules/magic-string
31 silly REMOVE node_modules/jiti
32 silly REMOVE node_modules/graceful-fs
33 silly REMOVE node_modules/enhanced-resolve
34 silly REMOVE node_modules/@tailwindcss/vite
35 silly REMOVE node_modules/@tailwindcss/oxide
36 silly REMOVE node_modules/@tailwindcss/node
37 silly REMOVE node_modules/@tailwindcss/node/node_modules/lightningcss
38 verbose cwd /data/data/com.termux/files/home/zimdev
39 verbose os Linux 4.19.127-perf-g7288046673d5
40 verbose node v26.2.0
41 verbose npm  v11.15.0
42 verbose exit 0
43 info ok
