0 verbose cli /data/data/com.termux/files/usr/bin/node /data/data/com.termux/files/usr/bin/npm
1 info using npm@11.15.0
2 info using node@v26.2.0
3 silly config load:file:/data/data/com.termux/files/usr/lib/node_modules/npm/npmrc
4 silly config load:file:/data/data/com.termux/files/home/zimdev/.npmrc
5 silly config load:file:/data/data/com.termux/files/home/.npmrc
6 silly config load:file:/data/data/com.termux/files/usr/etc/npmrc
7 verbose title npm install tailwindcss@^3.4.0 postcss autoprefixer
8 verbose argv "install" "--save-dev" "tailwindcss@^3.4.0" "postcss" "autoprefixer"
9 verbose logfile logs-max:10 dir:/data/data/com.termux/files/home/.npm/_logs/2026-06-04T13_19_07_696Z-
10 verbose logfile /data/data/com.termux/files/home/.npm/_logs/2026-06-04T13_19_07_696Z-debug-0.log
11 silly logfile start cleaning logs, removing 1 files
12 silly logfile done cleaning log files
13 silly packumentCache heap:521142272 maxSize:130285568 maxEntrySize:65142784
14 silly idealTree buildDeps
15 silly fetch manifest tailwindcss@^3.4.0
16 silly packumentCache full:https://registry.npmjs.org/tailwindcss cache-miss
17 http fetch GET 200 https://registry.npmjs.org/tailwindcss 2061ms (cache miss)
18 silly packumentCache full:https://registry.npmjs.org/tailwindcss set size:undefined disposed:false
19 silly fetch manifest postcss@*
20 silly packumentCache full:https://registry.npmjs.org/postcss cache-miss
21 http fetch GET 200 https://registry.npmjs.org/postcss 302ms (cache miss)
22 silly packumentCache full:https://registry.npmjs.org/postcss set size:undefined disposed:false
23 silly fetch manifest autoprefixer@*
24 silly packumentCache full:https://registry.npmjs.org/autoprefixer cache-miss
25 http fetch GET 200 https://registry.npmjs.org/autoprefixer 612ms (cache miss)
26 silly packumentCache full:https://registry.npmjs.org/autoprefixer set size:undefined disposed:false
27 silly placeDep ROOT autoprefixer@10.5.0 OK for: react-vite-tailwind@0.0.0 want: *
28 silly placeDep ROOT postcss@8.5.15 REPLACE for: react-vite-tailwind@0.0.0 want: *
29 silly placeDep ROOT tailwindcss@3.4.19 OK for: react-vite-tailwind@0.0.0 want: ^3.4.0
30 silly fetch manifest fraction.js@^5.3.4
31 silly packumentCache full:https://registry.npmjs.org/fraction.js cache-miss
32 silly fetch manifest postcss-value-parser@^4.2.0
33 silly packumentCache full:https://registry.npmjs.org/postcss-value-parser cache-miss
34 silly fetch manifest arg@^5.0.2
35 silly packumentCache full:https://registry.npmjs.org/arg cache-miss
36 silly fetch manifest dlv@^1.1.3
37 silly packumentCache full:https://registry.npmjs.org/dlv cache-miss
38 silly fetch manifest jiti@^1.21.7
39 silly packumentCache full:https://registry.npmjs.org/jiti cache-miss
40 silly fetch manifest is-glob@^4.0.3
41 silly packumentCache full:https://registry.npmjs.org/is-glob cache-miss
42 silly fetch manifest resolve@^1.22.8
43 silly packumentCache full:https://registry.npmjs.org/resolve cache-miss
44 http fetch GET 200 https://registry.npmjs.org/fraction.js 660ms (cache miss)
45 silly packumentCache full:https://registry.npmjs.org/fraction.js set size:undefined disposed:false
46 silly fetch manifest sucrase@^3.35.0
47 silly packumentCache full:https://registry.npmjs.org/sucrase cache-miss
48 http fetch GET 200 https://registry.npmjs.org/resolve 704ms (cache miss)
49 silly packumentCache full:https://registry.npmjs.org/resolve set size:undefined disposed:false
50 silly fetch manifest chokidar@^3.6.0
51 silly packumentCache full:https://registry.npmjs.org/chokidar cache-miss
52 http fetch GET 200 https://registry.npmjs.org/dlv 917ms (cache miss)
53 silly packumentCache full:https://registry.npmjs.org/dlv set size:undefined disposed:false
54 silly fetch manifest fast-glob@^3.3.2
55 silly packumentCache full:https://registry.npmjs.org/fast-glob cache-miss
56 http fetch GET 200 https://registry.npmjs.org/arg 959ms (cache miss)
57 silly packumentCache full:https://registry.npmjs.org/arg set size:undefined disposed:false
58 silly fetch manifest lilconfig@^3.1.3
59 silly packumentCache full:https://registry.npmjs.org/lilconfig cache-miss
60 http fetch GET 200 https://registry.npmjs.org/postcss-value-parser 1135ms (cache revalidated)
61 silly packumentCache full:https://registry.npmjs.org/postcss-value-parser set size:73484 disposed:false
62 silly fetch manifest didyoumean@^1.2.2
63 silly packumentCache full:https://registry.npmjs.org/didyoumean cache-miss
64 http fetch GET 200 https://registry.npmjs.org/chokidar 380ms (cache revalidated)
65 silly packumentCache full:https://registry.npmjs.org/chokidar set size:255902 disposed:false
66 silly fetch manifest postcss-js@^4.0.1
67 silly packumentCache full:https://registry.npmjs.org/postcss-js cache-miss
68 http fetch GET 200 https://registry.npmjs.org/is-glob 1218ms (cache revalidated)
69 silly packumentCache full:https://registry.npmjs.org/is-glob set size:40530 disposed:false
70 silly fetch manifest glob-parent@^6.0.2
71 silly packumentCache full:https://registry.npmjs.org/glob-parent cache-miss
72 http fetch GET 200 https://registry.npmjs.org/jiti 1362ms (cache miss)
73 silly packumentCache full:https://registry.npmjs.org/jiti set size:undefined disposed:false
74 silly fetch manifest object-hash@^3.0.0
75 silly packumentCache full:https://registry.npmjs.org/object-hash cache-miss
76 http fetch GET 200 https://registry.npmjs.org/glob-parent 360ms (cache revalidated)
77 silly packumentCache full:https://registry.npmjs.org/glob-parent set size:42445 disposed:false
78 silly fetch manifest normalize-path@^3.0.0
79 silly packumentCache full:https://registry.npmjs.org/normalize-path cache-miss
80 http fetch GET 200 https://registry.npmjs.org/lilconfig 787ms (cache miss)
81 silly packumentCache full:https://registry.npmjs.org/lilconfig set size:undefined disposed:false
82 silly fetch manifest postcss-import@^15.1.0
83 silly packumentCache full:https://registry.npmjs.org/postcss-import cache-miss
84 http fetch GET 200 https://registry.npmjs.org/didyoumean 677ms (cache miss)
85 silly packumentCache full:https://registry.npmjs.org/didyoumean set size:undefined disposed:false
86 silly fetch manifest postcss-nested@^6.2.0
87 silly packumentCache full:https://registry.npmjs.org/postcss-nested cache-miss
88 http fetch GET 200 https://registry.npmjs.org/postcss-js 632ms (cache miss)
89 silly packumentCache full:https://registry.npmjs.org/postcss-js set size:undefined disposed:false
90 silly fetch manifest @alloc/quick-lru@^5.2.0
91 silly packumentCache full:https://registry.npmjs.org/@alloc%2fquick-lru cache-miss
92 http fetch GET 200 https://registry.npmjs.org/fast-glob 948ms (cache miss)
93 silly packumentCache full:https://registry.npmjs.org/fast-glob set size:undefined disposed:false
94 silly fetch manifest postcss-load-config@^4.0.2 || ^5.0 || ^6.0
95 silly packumentCache full:https://registry.npmjs.org/postcss-load-config cache-miss
96 http fetch GET 200 https://registry.npmjs.org/sucrase 1247ms (cache miss)
97 silly packumentCache full:https://registry.npmjs.org/sucrase set size:undefined disposed:false
98 silly fetch manifest postcss-selector-parser@^6.1.2
99 silly packumentCache full:https://registry.npmjs.org/postcss-selector-parser cache-miss
100 http fetch GET 200 https://registry.npmjs.org/object-hash 642ms (cache miss)
101 silly packumentCache full:https://registry.npmjs.org/object-hash set size:undefined disposed:false
102 http fetch GET 200 https://registry.npmjs.org/normalize-path 602ms (cache revalidated)
103 silly packumentCache full:https://registry.npmjs.org/normalize-path set size:28713 disposed:false
104 http fetch GET 200 https://registry.npmjs.org/postcss-import 584ms (cache miss)
105 silly packumentCache full:https://registry.npmjs.org/postcss-import set size:undefined disposed:false
106 http fetch GET 200 https://registry.npmjs.org/postcss-nested 568ms (cache miss)
107 silly packumentCache full:https://registry.npmjs.org/postcss-nested set size:undefined disposed:false
108 http fetch GET 200 https://registry.npmjs.org/postcss-load-config 528ms (cache miss)
109 silly packumentCache full:https://registry.npmjs.org/postcss-load-config set size:undefined disposed:false
110 http fetch GET 200 https://registry.npmjs.org/postcss-selector-parser 512ms (cache miss)
111 silly packumentCache full:https://registry.npmjs.org/postcss-selector-parser set size:undefined disposed:false
112 http fetch GET 200 https://registry.npmjs.org/@alloc%2fquick-lru 999ms (cache miss)
113 silly packumentCache full:https://registry.npmjs.org/@alloc%2fquick-lru set size:undefined disposed:false
114 silly placeDep ROOT fraction.js@5.3.4 OK for: autoprefixer@10.5.0 want: ^5.3.4
115 silly placeDep ROOT postcss-value-parser@4.2.0 OK for: autoprefixer@10.5.0 want: ^4.2.0
116 silly fetch manifest postcss@^8.4.47
117 silly packumentCache full:https://registry.npmjs.org/postcss cache-miss
118 http cache https://registry.npmjs.org/postcss 35ms (cache hit)
119 silly packumentCache full:https://registry.npmjs.org/postcss set size:723316 disposed:false
120 silly fetch manifest tsx@^4.8.1
121 silly packumentCache full:https://registry.npmjs.org/tsx cache-miss
122 http fetch GET 200 https://registry.npmjs.org/tsx 536ms (cache miss)
123 silly packumentCache full:https://registry.npmjs.org/tsx set size:undefined disposed:false
124 silly fetch manifest yaml@^2.4.2
125 silly packumentCache full:https://registry.npmjs.org/yaml cache-miss
126 http fetch GET 200 https://registry.npmjs.org/yaml 224ms (cache miss)
127 silly packumentCache full:https://registry.npmjs.org/yaml set size:undefined disposed:false
128 silly placeDep ROOT @alloc/quick-lru@5.2.0 OK for: tailwindcss@3.4.19 want: ^5.2.0
129 silly placeDep ROOT arg@5.0.2 OK for: tailwindcss@3.4.19 want: ^5.0.2
130 silly placeDep ROOT chokidar@3.6.0 OK for: tailwindcss@3.4.19 want: ^3.6.0
131 silly placeDep ROOT didyoumean@1.2.2 OK for: tailwindcss@3.4.19 want: ^1.2.2
132 silly placeDep ROOT dlv@1.1.3 OK for: tailwindcss@3.4.19 want: ^1.1.3
133 silly placeDep ROOT fast-glob@3.3.3 OK for: tailwindcss@3.4.19 want: ^3.3.2
134 silly placeDep ROOT glob-parent@6.0.2 OK for: tailwindcss@3.4.19 want: ^6.0.2
135 silly placeDep ROOT is-glob@4.0.3 OK for: tailwindcss@3.4.19 want: ^4.0.3
136 silly placeDep ROOT jiti@1.21.7 OK for: tailwindcss@3.4.19 want: ^1.21.7
137 silly placeDep ROOT lilconfig@3.1.3 OK for: tailwindcss@3.4.19 want: ^3.1.3
138 silly placeDep ROOT normalize-path@3.0.0 OK for: tailwindcss@3.4.19 want: ^3.0.0
139 silly placeDep ROOT object-hash@3.0.0 OK for: tailwindcss@3.4.19 want: ^3.0.0
140 silly placeDep ROOT postcss-import@15.1.0 OK for: tailwindcss@3.4.19 want: ^15.1.0
141 silly placeDep ROOT postcss-js@4.1.0 OK for: tailwindcss@3.4.19 want: ^4.0.1
142 silly placeDep ROOT postcss-load-config@6.0.1 OK for: tailwindcss@3.4.19 want: ^4.0.2 || ^5.0 || ^6.0
143 silly placeDep ROOT postcss-nested@6.2.0 OK for: tailwindcss@3.4.19 want: ^6.2.0
144 silly placeDep ROOT postcss-selector-parser@6.1.2 OK for: tailwindcss@3.4.19 want: ^6.1.2
145 silly placeDep ROOT resolve@1.22.12 OK for: tailwindcss@3.4.19 want: ^1.22.8
146 silly placeDep ROOT sucrase@3.35.1 OK for: tailwindcss@3.4.19 want: ^3.35.0
147 silly fetch manifest is-glob@~4.0.1
148 silly packumentCache full:https://registry.npmjs.org/is-glob cache-hit
149 silly fetch manifest anymatch@~3.1.2
150 silly packumentCache full:https://registry.npmjs.org/anymatch cache-miss
151 silly fetch manifest readdirp@~3.6.0
152 silly packumentCache full:https://registry.npmjs.org/readdirp cache-miss
153 silly fetch manifest glob-parent@~5.1.2
154 silly packumentCache full:https://registry.npmjs.org/glob-parent cache-hit
155 silly fetch manifest is-binary-path@~2.1.0
156 silly packumentCache full:https://registry.npmjs.org/is-binary-path cache-miss
157 silly fetch manifest normalize-path@~3.0.0
158 silly packumentCache full:https://registry.npmjs.org/normalize-path cache-hit
159 silly fetch manifest @nodelib/fs.stat@^2.0.2
160 silly packumentCache full:https://registry.npmjs.org/@nodelib%2ffs.stat cache-miss
161 silly fetch manifest @nodelib/fs.walk@^1.2.3
162 silly packumentCache full:https://registry.npmjs.org/@nodelib%2ffs.walk cache-miss
163 silly fetch manifest glob-parent@^5.1.2
164 silly packumentCache full:https://registry.npmjs.org/glob-parent cache-hit
165 silly fetch manifest merge2@^1.3.0
166 silly packumentCache full:https://registry.npmjs.org/merge2 cache-miss
167 silly fetch manifest is-extglob@^2.1.1
168 silly packumentCache full:https://registry.npmjs.org/is-extglob cache-miss
169 http fetch GET 200 https://registry.npmjs.org/merge2 533ms (cache miss)
170 silly packumentCache full:https://registry.npmjs.org/merge2 set size:undefined disposed:false
171 silly fetch manifest resolve@^1.1.7
172 silly packumentCache full:https://registry.npmjs.org/resolve cache-miss
173 http fetch GET 200 https://registry.npmjs.org/is-extglob 634ms (cache revalidated)
174 silly packumentCache full:https://registry.npmjs.org/is-extglob set size:11766 disposed:false
175 silly fetch manifest read-cache@^1.0.0
176 silly packumentCache full:https://registry.npmjs.org/read-cache cache-miss
177 http fetch GET 200 https://registry.npmjs.org/is-binary-path 725ms (cache revalidated)
178 silly packumentCache full:https://registry.npmjs.org/is-binary-path set size:13475 disposed:false
179 silly fetch manifest camelcase-css@^2.0.1
180 silly packumentCache full:https://registry.npmjs.org/camelcase-css cache-miss
181 http fetch GET 200 https://registry.npmjs.org/anymatch 770ms (cache revalidated)
182 silly packumentCache full:https://registry.npmjs.org/anymatch set size:42974 disposed:false
183 silly fetch manifest postcss-selector-parser@^6.1.1
184 silly packumentCache full:https://registry.npmjs.org/postcss-selector-parser cache-miss
185 http fetch GET 200 https://registry.npmjs.org/readdirp 786ms (cache revalidated)
186 silly packumentCache full:https://registry.npmjs.org/readdirp set size:107589 disposed:false
187 silly fetch manifest cssesc@^3.0.0
188 silly packumentCache full:https://registry.npmjs.org/cssesc cache-miss
189 http cache https://registry.npmjs.org/resolve 215ms (cache hit)
190 silly packumentCache full:https://registry.npmjs.org/resolve set size:244568 disposed:false
191 silly fetch manifest util-deprecate@^1.0.2
192 silly packumentCache full:https://registry.npmjs.org/util-deprecate cache-miss
193 http cache https://registry.npmjs.org/postcss-selector-parser 139ms (cache hit)
194 silly packumentCache full:https://registry.npmjs.org/postcss-selector-parser set size:177140 disposed:false
195 silly fetch manifest es-errors@^1.3.0
196 silly packumentCache full:https://registry.npmjs.org/es-errors cache-miss
197 http fetch GET 200 https://registry.npmjs.org/es-errors 107ms (cache revalidated)
198 silly packumentCache full:https://registry.npmjs.org/es-errors set size:16918 disposed:false
199 silly fetch manifest path-parse@^1.0.7
200 silly packumentCache full:https://registry.npmjs.org/path-parse cache-miss
201 http fetch GET 200 https://registry.npmjs.org/@nodelib%2ffs.stat 1129ms (cache miss)
202 silly packumentCache full:https://registry.npmjs.org/@nodelib%2ffs.stat set size:undefined disposed:false
203 silly fetch manifest is-core-module@^2.16.1
204 silly packumentCache full:https://registry.npmjs.org/is-core-module cache-miss
205 http fetch GET 200 https://registry.npmjs.org/@nodelib%2ffs.walk 1141ms (cache miss)
206 silly packumentCache full:https://registry.npmjs.org/@nodelib%2ffs.walk set size:undefined disposed:false
207 silly fetch manifest supports-preserve-symlinks-flag@^1.0.0
208 silly packumentCache full:https://registry.npmjs.org/supports-preserve-symlinks-flag cache-miss
209 http fetch GET 200 https://registry.npmjs.org/camelcase-css 553ms (cache miss)
210 silly packumentCache full:https://registry.npmjs.org/camelcase-css set size:undefined disposed:false
211 silly fetch manifest commander@^4.0.0
212 silly packumentCache full:https://registry.npmjs.org/commander cache-miss
213 http fetch GET 200 https://registry.npmjs.org/read-cache 594ms (cache miss)
214 silly packumentCache full:https://registry.npmjs.org/read-cache set size:undefined disposed:false
215 silly fetch manifest lines-and-columns@^1.1.6
216 silly packumentCache full:https://registry.npmjs.org/lines-and-columns cache-miss
217 http fetch GET 200 https://registry.npmjs.org/cssesc 528ms (cache miss)
218 silly packumentCache full:https://registry.npmjs.org/cssesc set size:undefined disposed:false
219 silly fetch manifest mz@^2.7.0
220 silly packumentCache full:https://registry.npmjs.org/mz cache-miss
221 http fetch GET 200 https://registry.npmjs.org/util-deprecate 514ms (cache miss)
222 silly packumentCache full:https://registry.npmjs.org/util-deprecate set size:undefined disposed:false
223 silly fetch manifest pirates@^4.0.1
224 silly packumentCache full:https://registry.npmjs.org/pirates cache-miss
225 http fetch GET 200 https://registry.npmjs.org/path-parse 435ms (cache miss)
226 silly packumentCache full:https://registry.npmjs.org/path-parse set size:undefined disposed:false
227 silly fetch manifest ts-interface-checker@^0.1.9
228 silly packumentCache full:https://registry.npmjs.org/ts-interface-checker cache-miss
229 http fetch GET 200 https://registry.npmjs.org/is-core-module 468ms (cache miss)
230 silly packumentCache full:https://registry.npmjs.org/is-core-module set size:undefined disposed:false
231 http fetch GET 200 https://registry.npmjs.org/lines-and-columns 588ms (cache miss)
232 silly packumentCache full:https://registry.npmjs.org/lines-and-columns set size:undefined disposed:false
233 http fetch GET 200 https://registry.npmjs.org/pirates 553ms (cache miss)
234 silly packumentCache full:https://registry.npmjs.org/pirates set size:undefined disposed:false
235 http fetch GET 200 https://registry.npmjs.org/supports-preserve-symlinks-flag 781ms (cache miss)
236 silly packumentCache full:https://registry.npmjs.org/supports-preserve-symlinks-flag set size:undefined disposed:false
237 http fetch GET 200 https://registry.npmjs.org/ts-interface-checker 495ms (cache miss)
238 silly packumentCache full:https://registry.npmjs.org/ts-interface-checker set size:undefined disposed:false
239 http fetch GET 200 https://registry.npmjs.org/commander 714ms (cache updated)
240 silly packumentCache full:https://registry.npmjs.org/commander set size:undefined disposed:false
241 http fetch GET 200 https://registry.npmjs.org/mz 775ms (cache miss)
242 silly packumentCache full:https://registry.npmjs.org/mz set size:undefined disposed:false
243 silly placeDep ROOT anymatch@3.1.3 OK for: chokidar@3.6.0 want: ~3.1.2
244 silly placeDep node_modules/chokidar glob-parent@5.1.2 OK for: chokidar@3.6.0 want: ~5.1.2
245 silly placeDep ROOT is-binary-path@2.1.0 OK for: chokidar@3.6.0 want: ~2.1.0
246 silly placeDep ROOT readdirp@3.6.0 OK for: chokidar@3.6.0 want: ~3.6.0
247 silly fetch manifest picomatch@^2.0.4
248 silly packumentCache full:https://registry.npmjs.org/picomatch cache-miss
249 silly fetch manifest binary-extensions@^2.0.0
250 silly packumentCache full:https://registry.npmjs.org/binary-extensions cache-miss
251 silly fetch manifest picomatch@^2.2.1
252 silly packumentCache full:https://registry.npmjs.org/picomatch cache-miss
253 http fetch GET 200 https://registry.npmjs.org/picomatch 158ms (cache revalidated)
254 silly packumentCache full:https://registry.npmjs.org/picomatch set size:126376 disposed:false
255 http fetch GET 200 https://registry.npmjs.org/picomatch 220ms (cache revalidated)
256 silly packumentCache full:https://registry.npmjs.org/picomatch set size:126376 disposed:false
257 silly packumentCache full:https://registry.npmjs.org/picomatch dispose
258 http fetch GET 200 https://registry.npmjs.org/binary-extensions 485ms (cache revalidated)
259 silly packumentCache full:https://registry.npmjs.org/binary-extensions set size:51551 disposed:false
260 silly placeDep node_modules/anymatch picomatch@2.3.2 OK for: anymatch@3.1.3 want: ^2.0.4
261 silly placeDep ROOT @nodelib/fs.stat@2.0.5 OK for: fast-glob@3.3.3 want: ^2.0.2
262 silly placeDep ROOT @nodelib/fs.walk@1.2.8 OK for: fast-glob@3.3.3 want: ^1.2.3
263 silly placeDep node_modules/fast-glob glob-parent@5.1.2 OK for: fast-glob@3.3.3 want: ^5.1.2
264 silly placeDep ROOT merge2@1.4.1 OK for: fast-glob@3.3.3 want: ^1.3.0
265 silly fetch manifest fastq@^1.6.0
266 silly packumentCache full:https://registry.npmjs.org/fastq cache-miss
267 silly fetch manifest @nodelib/fs.scandir@2.1.5
268 silly packumentCache full:https://registry.npmjs.org/@nodelib%2ffs.scandir cache-miss
269 http fetch GET 200 https://registry.npmjs.org/fastq 504ms (cache miss)
270 silly packumentCache full:https://registry.npmjs.org/fastq set size:undefined disposed:false
271 http fetch GET 200 https://registry.npmjs.org/@nodelib%2ffs.scandir 1023ms (cache miss)
272 silly packumentCache full:https://registry.npmjs.org/@nodelib%2ffs.scandir set size:undefined disposed:false
273 silly placeDep ROOT @nodelib/fs.scandir@2.1.5 OK for: @nodelib/fs.walk@1.2.8 want: 2.1.5
274 silly placeDep ROOT fastq@1.20.1 OK for: @nodelib/fs.walk@1.2.8 want: ^1.6.0
275 silly fetch manifest run-parallel@^1.1.9
276 silly packumentCache full:https://registry.npmjs.org/run-parallel cache-miss
277 silly fetch manifest reusify@^1.0.4
278 silly packumentCache full:https://registry.npmjs.org/reusify cache-miss
279 http fetch GET 200 https://registry.npmjs.org/run-parallel 442ms (cache miss)
280 silly packumentCache full:https://registry.npmjs.org/run-parallel set size:undefined disposed:false
281 http fetch GET 200 https://registry.npmjs.org/reusify 719ms (cache miss)
282 silly packumentCache full:https://registry.npmjs.org/reusify set size:undefined disposed:false
283 silly placeDep ROOT run-parallel@1.2.0 OK for: @nodelib/fs.scandir@2.1.5 want: ^1.1.9
284 silly fetch manifest queue-microtask@^1.2.2
285 silly packumentCache full:https://registry.npmjs.org/queue-microtask cache-miss
286 http fetch GET 200 https://registry.npmjs.org/queue-microtask 497ms (cache miss)
287 silly packumentCache full:https://registry.npmjs.org/queue-microtask set size:undefined disposed:false
288 silly placeDep ROOT reusify@1.1.0 OK for: fastq@1.20.1 want: ^1.0.4
289 silly placeDep ROOT binary-extensions@2.3.0 OK for: is-binary-path@2.1.0 want: ^2.0.0
290 silly placeDep ROOT is-extglob@2.1.1 OK for: is-glob@4.0.3 want: ^2.1.1
291 silly placeDep ROOT read-cache@1.0.0 OK for: postcss-import@15.1.0 want: ^1.0.0
292 silly fetch manifest pify@^2.3.0
293 silly packumentCache full:https://registry.npmjs.org/pify cache-miss
294 http fetch GET 200 https://registry.npmjs.org/pify 467ms (cache miss)
295 silly packumentCache full:https://registry.npmjs.org/pify set size:undefined disposed:false
296 silly placeDep ROOT camelcase-css@2.0.1 OK for: postcss-js@4.1.0 want: ^2.0.1
297 silly placeDep ROOT cssesc@3.0.0 OK for: postcss-selector-parser@6.1.2 want: ^3.0.0
298 silly placeDep ROOT util-deprecate@1.0.2 OK for: postcss-selector-parser@6.1.2 want: ^1.0.2
299 silly placeDep ROOT pify@2.3.0 OK for: read-cache@1.0.0 want: ^2.3.0
300 silly placeDep node_modules/readdirp picomatch@2.3.2 OK for: readdirp@3.6.0 want: ^2.2.1
301 silly placeDep ROOT es-errors@1.3.0 OK for: resolve@1.22.12 want: ^1.3.0
302 silly placeDep ROOT is-core-module@2.16.2 OK for: resolve@1.22.12 want: ^2.16.1
303 silly placeDep ROOT path-parse@1.0.7 OK for: resolve@1.22.12 want: ^1.0.7
304 silly placeDep ROOT supports-preserve-symlinks-flag@1.0.0 OK for: resolve@1.22.12 want: ^1.0.0
305 silly fetch manifest hasown@^2.0.3
306 silly packumentCache full:https://registry.npmjs.org/hasown cache-miss
307 http fetch GET 200 https://registry.npmjs.org/hasown 140ms (cache updated)
308 silly packumentCache full:https://registry.npmjs.org/hasown set size:undefined disposed:false
309 silly placeDep ROOT hasown@2.0.4 OK for: is-core-module@2.16.2 want: ^2.0.3
310 silly fetch manifest function-bind@^1.1.2
311 silly packumentCache full:https://registry.npmjs.org/function-bind cache-miss
312 http fetch GET 200 https://registry.npmjs.org/function-bind 123ms (cache revalidated)
313 silly packumentCache full:https://registry.npmjs.org/function-bind set size:15733 disposed:false
314 silly placeDep ROOT function-bind@1.1.2 OK for: hasown@2.0.4 want: ^1.1.2
315 silly placeDep ROOT queue-microtask@1.2.3 OK for: run-parallel@1.2.0 want: ^1.2.2
316 silly placeDep ROOT commander@4.1.1 OK for: sucrase@3.35.1 want: ^4.0.0
317 silly placeDep ROOT lines-and-columns@1.2.4 OK for: sucrase@3.35.1 want: ^1.1.6
318 silly placeDep ROOT mz@2.7.0 OK for: sucrase@3.35.1 want: ^2.7.0
319 silly placeDep ROOT pirates@4.0.7 OK for: sucrase@3.35.1 want: ^4.0.1
320 silly placeDep ROOT ts-interface-checker@0.1.13 OK for: sucrase@3.35.1 want: ^0.1.9
321 silly fetch manifest any-promise@^1.0.0
322 silly packumentCache full:https://registry.npmjs.org/any-promise cache-miss
323 silly fetch manifest object-assign@^4.0.1
324 silly packumentCache full:https://registry.npmjs.org/object-assign cache-miss
325 silly fetch manifest thenify-all@^1.0.0
326 silly packumentCache full:https://registry.npmjs.org/thenify-all cache-miss
327 http fetch GET 200 https://registry.npmjs.org/any-promise 534ms (cache miss)
328 silly packumentCache full:https://registry.npmjs.org/any-promise set size:undefined disposed:false
329 http fetch GET 200 https://registry.npmjs.org/object-assign 547ms (cache miss)
330 silly packumentCache full:https://registry.npmjs.org/object-assign set size:undefined disposed:false
331 http fetch GET 200 https://registry.npmjs.org/thenify-all 566ms (cache miss)
332 silly packumentCache full:https://registry.npmjs.org/thenify-all set size:undefined disposed:false
333 silly placeDep ROOT any-promise@1.3.0 OK for: mz@2.7.0 want: ^1.0.0
334 silly placeDep ROOT object-assign@4.1.1 OK for: mz@2.7.0 want: ^4.0.1
335 silly placeDep ROOT thenify-all@1.6.0 OK for: mz@2.7.0 want: ^1.0.0
336 silly fetch manifest thenify@>= 3.1.0 < 4
337 silly packumentCache full:https://registry.npmjs.org/thenify cache-miss
338 http fetch GET 200 https://registry.npmjs.org/thenify 481ms (cache miss)
339 silly packumentCache full:https://registry.npmjs.org/thenify set size:undefined disposed:false
340 silly placeDep ROOT thenify@3.3.1 OK for: thenify-all@1.6.0 want: >= 3.1.0 < 4
341 silly reify moves {}
342 silly audit bulk request {
342 silly audit   '@babel/code-frame': [ '7.29.7' ],
342 silly audit   '@babel/compat-data': [ '7.29.7' ],
342 silly audit   '@babel/core': [ '7.29.7' ],
342 silly audit   '@babel/generator': [ '7.29.7' ],
342 silly audit   '@babel/helper-compilation-targets': [ '7.29.7' ],
342 silly audit   '@babel/helper-globals': [ '7.29.7' ],
342 silly audit   '@babel/helper-module-imports': [ '7.29.7' ],
342 silly audit   '@babel/helper-module-transforms': [ '7.29.7' ],
342 silly audit   '@babel/helper-plugin-utils': [ '7.29.7' ],
342 silly audit   '@babel/helper-string-parser': [ '7.29.7' ],
342 silly audit   '@babel/helper-validator-identifier': [ '7.29.7' ],
342 silly audit   '@babel/helper-validator-option': [ '7.29.7' ],
342 silly audit   '@babel/helpers': [ '7.29.7' ],
342 silly audit   '@babel/parser': [ '7.29.7' ],
342 silly audit   '@babel/plugin-transform-react-jsx-self': [ '7.29.7' ],
342 silly audit   '@babel/plugin-transform-react-jsx-source': [ '7.29.7' ],
342 silly audit   '@babel/template': [ '7.29.7' ],
342 silly audit   '@babel/traverse': [ '7.29.7' ],
342 silly audit   '@babel/types': [ '7.29.7' ],
342 silly audit   '@esbuild/aix-ppc64': [ '0.27.7' ],
342 silly audit   '@esbuild/android-arm': [ '0.27.7' ],
342 silly audit   '@esbuild/android-arm64': [ '0.27.7' ],
342 silly audit   '@esbuild/android-x64': [ '0.27.7' ],
342 silly audit   '@esbuild/darwin-arm64': [ '0.27.7' ],
342 silly audit   '@esbuild/darwin-x64': [ '0.27.7' ],
342 silly audit   '@esbuild/freebsd-arm64': [ '0.27.7' ],
342 silly audit   '@esbuild/freebsd-x64': [ '0.27.7' ],
342 silly audit   '@esbuild/linux-arm': [ '0.27.7' ],
342 silly audit   '@esbuild/linux-arm64': [ '0.27.7' ],
342 silly audit   '@esbuild/linux-ia32': [ '0.27.7' ],
342 silly audit   '@esbuild/linux-loong64': [ '0.27.7' ],
342 silly audit   '@esbuild/linux-mips64el': [ '0.27.7' ],
342 silly audit   '@esbuild/linux-ppc64': [ '0.27.7' ],
342 silly audit   '@esbuild/linux-riscv64': [ '0.27.7' ],
342 silly audit   '@esbuild/linux-s390x': [ '0.27.7' ],
342 silly audit   '@esbuild/linux-x64': [ '0.27.7' ],
342 silly audit   '@esbuild/netbsd-arm64': [ '0.27.7' ],
342 silly audit   '@esbuild/netbsd-x64': [ '0.27.7' ],
342 silly audit   '@esbuild/openbsd-arm64': [ '0.27.7' ],
342 silly audit   '@esbuild/openbsd-x64': [ '0.27.7' ],
342 silly audit   '@esbuild/openharmony-arm64': [ '0.27.7' ],
342 silly audit   '@esbuild/sunos-x64': [ '0.27.7' ],
342 silly audit   '@esbuild/win32-arm64': [ '0.27.7' ],
342 silly audit   '@esbuild/win32-ia32': [ '0.27.7' ],
342 silly audit   '@esbuild/win32-x64': [ '0.27.7' ],
342 silly audit   '@jridgewell/gen-mapping': [ '0.3.13' ],
342 silly audit   '@jridgewell/remapping': [ '2.3.5' ],
342 silly audit   '@jridgewell/resolve-uri': [ '3.1.2' ],
342 silly audit   '@jridgewell/sourcemap-codec': [ '1.5.5' ],
342 silly audit   '@jridgewell/trace-mapping': [ '0.3.31' ],
342 silly audit   '@rolldown/pluginutils': [ '1.0.0-beta.47' ],
342 silly audit   '@rollup/rollup-android-arm-eabi': [ '4.61.0' ],
342 silly audit   '@rollup/rollup-android-arm64': [ '4.61.0' ],
342 silly audit   '@rollup/rollup-darwin-arm64': [ '4.61.0' ],
342 silly audit   '@rollup/rollup-darwin-x64': [ '4.61.0' ],
342 silly audit   '@rollup/rollup-freebsd-arm64': [ '4.61.0' ],
342 silly audit   '@rollup/rollup-freebsd-x64': [ '4.61.0' ],
342 silly audit   '@rollup/rollup-linux-arm-gnueabihf': [ '4.61.0' ],
342 silly audit   '@rollup/rollup-linux-arm-musleabihf': [ '4.61.0' ],
342 silly audit   '@rollup/rollup-linux-arm64-gnu': [ '4.61.0' ],
342 silly audit   '@rollup/rollup-linux-arm64-musl': [ '4.61.0' ],
342 silly audit   '@rollup/rollup-linux-loong64-gnu': [ '4.61.0' ],
342 silly audit   '@rollup/rollup-linux-loong64-musl': [ '4.61.0' ],
342 silly audit   '@rollup/rollup-linux-ppc64-gnu': [ '4.61.0' ],
342 silly audit   '@rollup/rollup-linux-ppc64-musl': [ '4.61.0' ],
342 silly audit   '@rollup/rollup-linux-riscv64-gnu': [ '4.61.0' ],
342 silly audit   '@rollup/rollup-linux-riscv64-musl': [ '4.61.0' ],
342 silly audit   '@rollup/rollup-linux-s390x-gnu': [ '4.61.0' ],
342 silly audit   '@rollup/rollup-linux-x64-gnu': [ '4.61.0' ],
342 silly audit   '@rollup/rollup-linux-x64-musl': [ '4.61.0' ],
342 silly audit   '@rollup/rollup-openbsd-x64': [ '4.61.0' ],
342 silly audit   '@rollup/rollup-openharmony-arm64': [ '4.61.0' ],
342 silly audit   '@rollup/rollup-win32-arm64-msvc': [ '4.61.0' ],
342 silly audit   '@rollup/rollup-win32-ia32-msvc': [ '4.61.0' ],
342 silly audit   '@rollup/rollup-win32-x64-gnu': [ '4.61.0' ],
342 silly audit   '@rollup/rollup-win32-x64-msvc': [ '4.61.0' ],
342 silly audit   '@types/babel__core': [ '7.20.5' ],
342 silly audit   '@types/babel__generator': [ '7.27.0' ],
342 silly audit   '@types/babel__template': [ '7.4.4' ],
342 silly audit   '@types/babel__traverse': [ '7.28.0' ],
342 silly audit   '@types/estree': [ '1.0.9' ],
342 silly audit   '@types/node': [ '22.19.17' ],
342 silly audit   '@types/react': [ '19.2.7' ],
342 silly audit   '@types/react-dom': [ '19.2.3' ],
342 silly audit   '@vitejs/plugin-react': [ '5.1.1' ],
342 silly audit   'baseline-browser-mapping': [ '2.10.33' ],
342 silly audit   braces: [ '3.0.3' ],
342 silly audit   browserslist: [ '4.28.2' ],
342 silly audit   'caniuse-lite': [ '1.0.30001793' ],
342 silly audit   clsx: [ '2.1.1' ],
342 silly audit   'convert-source-map': [ '2.0.0' ],
342 silly audit   cookie: [ '1.1.1' ],
342 silly audit   csstype: [ '3.2.3' ],
342 silly audit   debug: [ '4.4.3' ],
342 silly audit   'detect-libc': [ '2.1.2' ],
342 silly audit   'electron-to-chromium': [ '1.5.364' ],
342 silly audit   esbuild: [ '0.27.7' ],
342 silly audit   escalade: [ '3.2.0' ],
342 silly audit   fdir: [ '6.5.0' ],
342 silly audit   'fill-range': [ '7.1.1' ],
342 silly audit   fsevents: [ '2.3.3' ],
342 silly audit   gensync: [ '1.0.0-beta.2' ],
342 silly audit   'is-number': [ '7.0.0' ],
342 silly audit   'js-tokens': [ '4.0.0' ],
342 silly audit   jsesc: [ '3.1.0' ],
342 silly audit   json5: [ '2.2.3' ],
342 silly audit   lightningcss: [ '1.32.0' ],
342 silly audit   'lightningcss-android-arm64': [ '1.32.0' ],
342 silly audit   'lightningcss-darwin-arm64': [ '1.32.0' ],
342 silly audit   'lightningcss-darwin-x64': [ '1.32.0' ],
342 silly audit   'lightningcss-freebsd-x64': [ '1.32.0' ],
342 silly audit   'lightningcss-linux-arm-gnueabihf': [ '1.32.0' ],
342 silly audit   'lightningcss-linux-arm64-gnu': [ '1.32.0' ],
342 silly audit   'lightningcss-linux-arm64-musl': [ '1.32.0' ],
342 silly audit   'lightningcss-linux-x64-gnu': [ '1.32.0' ],
342 silly audit   'lightningcss-linux-x64-musl': [ '1.32.0' ],
342 silly audit   'lightningcss-win32-arm64-msvc': [ '1.32.0' ],
342 silly audit   'lightningcss-win32-x64-msvc': [ '1.32.0' ],
342 silly audit   'lru-cache': [ '5.1.1' ],
342 silly audit   'lucide-react': [ '1.17.0' ],
342 silly audit   micromatch: [ '4.0.8' ],
342 silly audit   picomatch: [ '2.3.2', '4.0.4' ],
342 silly audit   ms: [ '2.1.3' ],
342 silly audit   nanoid: [ '3.3.12' ],
342 silly audit   'node-releases': [ '2.0.46' ],
342 silly audit   picocolors: [ '1.1.1' ],
342 silly audit   react: [ '19.2.6' ],
342 silly audit   'react-dom': [ '19.2.6' ],
342 silly audit   'react-refresh': [ '0.18.0' ],
342 silly audit   'react-router': [ '7.16.0' ],
342 silly audit   'react-router-dom': [ '7.16.0' ],
342 silly audit   rollup: [ '4.61.0' ],
342 silly audit   scheduler: [ '0.27.0' ],
342 silly audit   semver: [ '6.3.1' ],
342 silly audit   'set-cookie-parser': [ '2.7.2' ],
342 silly audit   'source-map-js': [ '1.2.1' ],
342 silly audit   'tailwind-merge': [ '3.4.0' ],
342 silly audit   tinyglobby: [ '0.2.17' ],
342 silly audit   'to-regex-range': [ '5.0.1' ],
342 silly audit   typescript: [ '5.9.3' ],
342 silly audit   'undici-types': [ '6.21.0' ],
342 silly audit   'update-browserslist-db': [ '1.2.3' ],
342 silly audit   vite: [ '7.3.2' ],
342 silly audit   'vite-plugin-singlefile': [ '2.3.0' ],
342 silly audit   yallist: [ '3.1.1' ],
342 silly audit   autoprefixer: [ '10.5.0' ],
342 silly audit   postcss: [ '8.5.15' ],
342 silly audit   tailwindcss: [ '3.4.19' ],
342 silly audit   'fraction.js': [ '5.3.4' ],
342 silly audit   'postcss-value-parser': [ '4.2.0' ],
342 silly audit   '@alloc/quick-lru': [ '5.2.0' ],
342 silly audit   arg: [ '5.0.2' ],
342 silly audit   chokidar: [ '3.6.0' ],
342 silly audit   didyoumean: [ '1.2.2' ],
342 silly audit   dlv: [ '1.1.3' ],
342 silly audit   'fast-glob': [ '3.3.3' ],
342 silly audit   'glob-parent': [ '6.0.2', '5.1.2' ],
342 silly audit   'is-glob': [ '4.0.3' ],
342 silly audit   jiti: [ '1.21.7' ],
342 silly audit   lilconfig: [ '3.1.3' ],
342 silly audit   'normalize-path': [ '3.0.0' ],
342 silly audit   'object-hash': [ '3.0.0' ],
342 silly audit   'postcss-import': [ '15.1.0' ],
342 silly audit   'postcss-js': [ '4.1.0' ],
342 silly audit   'postcss-load-config': [ '6.0.1' ],
342 silly audit   'postcss-nested': [ '6.2.0' ],
342 silly audit   'postcss-selector-parser': [ '6.1.2' ],
342 silly audit   resolve: [ '1.22.12' ],
342 silly audit   sucrase: [ '3.35.1' ],
342 silly audit   anymatch: [ '3.1.3' ],
342 silly audit   'is-binary-path': [ '2.1.0' ],
342 silly audit   readdirp: [ '3.6.0' ],
342 silly audit   '@nodelib/fs.stat': [ '2.0.5' ],
342 silly audit   '@nodelib/fs.walk': [ '1.2.8' ],
342 silly audit   merge2: [ '1.4.1' ],
342 silly audit   '@nodelib/fs.scandir': [ '2.1.5' ],
342 silly audit   fastq: [ '1.20.1' ],
342 silly audit   'run-parallel': [ '1.2.0' ],
342 silly audit   reusify: [ '1.1.0' ],
342 silly audit   'binary-extensions': [ '2.3.0' ],
342 silly audit   'is-extglob': [ '2.1.1' ],
342 silly audit   'read-cache': [ '1.0.0' ],
342 silly audit   'camelcase-css': [ '2.0.1' ],
342 silly audit   cssesc: [ '3.0.0' ],
342 silly audit   'util-deprecate': [ '1.0.2' ],
342 silly audit   pify: [ '2.3.0' ],
342 silly audit   'es-errors': [ '1.3.0' ],
342 silly audit   'is-core-module': [ '2.16.2' ],
342 silly audit   'path-parse': [ '1.0.7' ],
342 silly audit   'supports-preserve-symlinks-flag': [ '1.0.0' ],
342 silly audit   hasown: [ '2.0.4' ],
342 silly audit   'function-bind': [ '1.1.2' ],
342 silly audit   'queue-microtask': [ '1.2.3' ],
342 silly audit   commander: [ '4.1.1' ],
342 silly audit   'lines-and-columns': [ '1.2.4' ],
342 silly audit   mz: [ '2.7.0' ],
342 silly audit   pirates: [ '4.0.7' ],
342 silly audit   'ts-interface-checker': [ '0.1.13' ],
342 silly audit   'any-promise': [ '1.3.0' ],
342 silly audit   'object-assign': [ '4.1.1' ],
342 silly audit   'thenify-all': [ '1.6.0' ],
342 silly audit   thenify: [ '3.3.1' ]
342 silly audit }
343 http cache thenify@https://registry.npmjs.org/thenify/-/thenify-3.3.1.tgz 1ms (cache hit)
344 http cache thenify-all@https://registry.npmjs.org/thenify-all/-/thenify-all-1.6.0.tgz 0ms (cache hit)
345 http cache object-assign@https://registry.npmjs.org/object-assign/-/object-assign-4.1.1.tgz 1ms (cache hit)
346 http cache any-promise@https://registry.npmjs.org/any-promise/-/any-promise-1.3.0.tgz 0ms (cache hit)
347 http cache ts-interface-checker@https://registry.npmjs.org/ts-interface-checker/-/ts-interface-checker-0.1.13.tgz 0ms (cache hit)
348 http cache pirates@https://registry.npmjs.org/pirates/-/pirates-4.0.7.tgz 0ms (cache hit)
349 http cache mz@https://registry.npmjs.org/mz/-/mz-2.7.0.tgz 0ms (cache hit)
350 http cache lines-and-columns@https://registry.npmjs.org/lines-and-columns/-/lines-and-columns-1.2.4.tgz 0ms (cache hit)
351 http cache commander@https://registry.npmjs.org/commander/-/commander-4.1.1.tgz 0ms (cache hit)
352 http cache queue-microtask@https://registry.npmjs.org/queue-microtask/-/queue-microtask-1.2.3.tgz 0ms (cache hit)
353 http cache function-bind@https://registry.npmjs.org/function-bind/-/function-bind-1.1.2.tgz 0ms (cache hit)
354 http cache hasown@https://registry.npmjs.org/hasown/-/hasown-2.0.4.tgz 1ms (cache hit)
355 http cache supports-preserve-symlinks-flag@https://registry.npmjs.org/supports-preserve-symlinks-flag/-/supports-preserve-symlinks-flag-1.0.0.tgz 0ms (cache hit)
356 http cache path-parse@https://registry.npmjs.org/path-parse/-/path-parse-1.0.7.tgz 1ms (cache hit)
357 http cache is-core-module@https://registry.npmjs.org/is-core-module/-/is-core-module-2.16.2.tgz 0ms (cache hit)
358 http cache es-errors@https://registry.npmjs.org/es-errors/-/es-errors-1.3.0.tgz 0ms (cache hit)
359 http cache pify@https://registry.npmjs.org/pify/-/pify-2.3.0.tgz 0ms (cache hit)
360 http cache util-deprecate@https://registry.npmjs.org/util-deprecate/-/util-deprecate-1.0.2.tgz 0ms (cache hit)
361 http cache cssesc@https://registry.npmjs.org/cssesc/-/cssesc-3.0.0.tgz 0ms (cache hit)
362 http cache camelcase-css@https://registry.npmjs.org/camelcase-css/-/camelcase-css-2.0.1.tgz 1ms (cache hit)
363 http cache read-cache@https://registry.npmjs.org/read-cache/-/read-cache-1.0.0.tgz 0ms (cache hit)
364 http cache is-extglob@https://registry.npmjs.org/is-extglob/-/is-extglob-2.1.1.tgz 0ms (cache hit)
365 http cache binary-extensions@https://registry.npmjs.org/binary-extensions/-/binary-extensions-2.3.0.tgz 0ms (cache hit)
366 http cache reusify@https://registry.npmjs.org/reusify/-/reusify-1.1.0.tgz 0ms (cache hit)
367 http cache run-parallel@https://registry.npmjs.org/run-parallel/-/run-parallel-1.2.0.tgz 0ms (cache hit)
368 http cache fastq@https://registry.npmjs.org/fastq/-/fastq-1.20.1.tgz 0ms (cache hit)
369 http cache @nodelib/fs.scandir@https://registry.npmjs.org/@nodelib/fs.scandir/-/fs.scandir-2.1.5.tgz 0ms (cache hit)
370 http cache merge2@https://registry.npmjs.org/merge2/-/merge2-1.4.1.tgz 0ms (cache hit)
371 http cache @nodelib/fs.walk@https://registry.npmjs.org/@nodelib/fs.walk/-/fs.walk-1.2.8.tgz 0ms (cache hit)
372 http cache @nodelib/fs.stat@https://registry.npmjs.org/@nodelib/fs.stat/-/fs.stat-2.0.5.tgz 1ms (cache hit)
373 http cache readdirp@https://registry.npmjs.org/readdirp/-/readdirp-3.6.0.tgz 0ms (cache hit)
374 http cache is-binary-path@https://registry.npmjs.org/is-binary-path/-/is-binary-path-2.1.0.tgz 0ms (cache hit)
375 http cache anymatch@https://registry.npmjs.org/anymatch/-/anymatch-3.1.3.tgz 0ms (cache hit)
376 http cache sucrase@https://registry.npmjs.org/sucrase/-/sucrase-3.35.1.tgz 1ms (cache hit)
377 http cache resolve@https://registry.npmjs.org/resolve/-/resolve-1.22.12.tgz 0ms (cache hit)
378 http cache postcss-selector-parser@https://registry.npmjs.org/postcss-selector-parser/-/postcss-selector-parser-6.1.2.tgz 0ms (cache hit)
379 http cache postcss-nested@https://registry.npmjs.org/postcss-nested/-/postcss-nested-6.2.0.tgz 0ms (cache hit)
380 http cache postcss-load-config@https://registry.npmjs.org/postcss-load-config/-/postcss-load-config-6.0.1.tgz 1ms (cache hit)
381 http cache postcss-js@https://registry.npmjs.org/postcss-js/-/postcss-js-4.1.0.tgz 0ms (cache hit)
382 http cache postcss-import@https://registry.npmjs.org/postcss-import/-/postcss-import-15.1.0.tgz 1ms (cache hit)
383 http cache object-hash@https://registry.npmjs.org/object-hash/-/object-hash-3.0.0.tgz 0ms (cache hit)
384 http cache normalize-path@https://registry.npmjs.org/normalize-path/-/normalize-path-3.0.0.tgz 0ms (cache hit)
385 http cache lilconfig@https://registry.npmjs.org/lilconfig/-/lilconfig-3.1.3.tgz 0ms (cache hit)
386 http cache jiti@https://registry.npmjs.org/jiti/-/jiti-1.21.7.tgz 0ms (cache hit)
387 http cache glob-parent@https://registry.npmjs.org/glob-parent/-/glob-parent-6.0.2.tgz 0ms (cache hit)
388 http cache is-glob@https://registry.npmjs.org/is-glob/-/is-glob-4.0.3.tgz 0ms (cache hit)
389 http cache dlv@https://registry.npmjs.org/dlv/-/dlv-1.1.3.tgz 0ms (cache hit)
390 http cache fast-glob@https://registry.npmjs.org/fast-glob/-/fast-glob-3.3.3.tgz 0ms (cache hit)
391 http cache didyoumean@https://registry.npmjs.org/didyoumean/-/didyoumean-1.2.2.tgz 0ms (cache hit)
392 http cache chokidar@https://registry.npmjs.org/chokidar/-/chokidar-3.6.0.tgz 0ms (cache hit)
393 http cache arg@https://registry.npmjs.org/arg/-/arg-5.0.2.tgz 1ms (cache hit)
394 http cache @alloc/quick-lru@https://registry.npmjs.org/@alloc/quick-lru/-/quick-lru-5.2.0.tgz 0ms (cache hit)
395 http cache postcss-value-parser@https://registry.npmjs.org/postcss-value-parser/-/postcss-value-parser-4.2.0.tgz 0ms (cache hit)
396 http cache fraction.js@https://registry.npmjs.org/fraction.js/-/fraction.js-5.3.4.tgz 1ms (cache hit)
397 http cache tailwindcss@https://registry.npmjs.org/tailwindcss/-/tailwindcss-3.4.19.tgz 0ms (cache hit)
398 http cache autoprefixer@https://registry.npmjs.org/autoprefixer/-/autoprefixer-10.5.0.tgz 0ms (cache hit)
399 http cache picomatch@https://registry.npmjs.org/picomatch/-/picomatch-2.3.2.tgz 0ms (cache hit)
400 http cache picomatch@https://registry.npmjs.org/picomatch/-/picomatch-2.3.2.tgz 0ms (cache hit)
401 http cache glob-parent@https://registry.npmjs.org/glob-parent/-/glob-parent-5.1.2.tgz 1ms (cache hit)
402 http cache glob-parent@https://registry.npmjs.org/glob-parent/-/glob-parent-5.1.2.tgz 0ms (cache hit)
403 silly tarball no local data for thenify@https://registry.npmjs.org/thenify/-/thenify-3.3.1.tgz. Extracting by manifest.
404 silly tarball no local data for thenify-all@https://registry.npmjs.org/thenify-all/-/thenify-all-1.6.0.tgz. Extracting by manifest.
405 silly tarball no local data for object-assign@https://registry.npmjs.org/object-assign/-/object-assign-4.1.1.tgz. Extracting by manifest.
406 silly tarball no local data for any-promise@https://registry.npmjs.org/any-promise/-/any-promise-1.3.0.tgz. Extracting by manifest.
407 silly tarball no local data for ts-interface-checker@https://registry.npmjs.org/ts-interface-checker/-/ts-interface-checker-0.1.13.tgz. Extracting by manifest.
408 silly tarball no local data for pirates@https://registry.npmjs.org/pirates/-/pirates-4.0.7.tgz. Extracting by manifest.
409 silly tarball no local data for mz@https://registry.npmjs.org/mz/-/mz-2.7.0.tgz. Extracting by manifest.
410 silly tarball no local data for lines-and-columns@https://registry.npmjs.org/lines-and-columns/-/lines-and-columns-1.2.4.tgz. Extracting by manifest.
411 silly tarball no local data for commander@https://registry.npmjs.org/commander/-/commander-4.1.1.tgz. Extracting by manifest.
412 silly tarball no local data for queue-microtask@https://registry.npmjs.org/queue-microtask/-/queue-microtask-1.2.3.tgz. Extracting by manifest.
413 silly tarball no local data for hasown@https://registry.npmjs.org/hasown/-/hasown-2.0.4.tgz. Extracting by manifest.
414 silly tarball no local data for supports-preserve-symlinks-flag@https://registry.npmjs.org/supports-preserve-symlinks-flag/-/supports-preserve-symlinks-flag-1.0.0.tgz. Extracting by manifest.
415 silly tarball no local data for path-parse@https://registry.npmjs.org/path-parse/-/path-parse-1.0.7.tgz. Extracting by manifest.
416 silly tarball no local data for is-core-module@https://registry.npmjs.org/is-core-module/-/is-core-module-2.16.2.tgz. Extracting by manifest.
417 silly tarball no local data for pify@https://registry.npmjs.org/pify/-/pify-2.3.0.tgz. Extracting by manifest.
418 silly tarball no local data for util-deprecate@https://registry.npmjs.org/util-deprecate/-/util-deprecate-1.0.2.tgz. Extracting by manifest.
419 silly tarball no local data for cssesc@https://registry.npmjs.org/cssesc/-/cssesc-3.0.0.tgz. Extracting by manifest.
420 silly tarball no local data for camelcase-css@https://registry.npmjs.org/camelcase-css/-/camelcase-css-2.0.1.tgz. Extracting by manifest.
421 silly tarball no local data for read-cache@https://registry.npmjs.org/read-cache/-/read-cache-1.0.0.tgz. Extracting by manifest.
422 silly tarball no local data for reusify@https://registry.npmjs.org/reusify/-/reusify-1.1.0.tgz. Extracting by manifest.
423 silly tarball no local data for run-parallel@https://registry.npmjs.org/run-parallel/-/run-parallel-1.2.0.tgz. Extracting by manifest.
424 silly tarball no local data for fastq@https://registry.npmjs.org/fastq/-/fastq-1.20.1.tgz. Extracting by manifest.
425 silly tarball no local data for @nodelib/fs.scandir@https://registry.npmjs.org/@nodelib/fs.scandir/-/fs.scandir-2.1.5.tgz. Extracting by manifest.
426 silly tarball no local data for merge2@https://registry.npmjs.org/merge2/-/merge2-1.4.1.tgz. Extracting by manifest.
427 silly tarball no local data for @nodelib/fs.walk@https://registry.npmjs.org/@nodelib/fs.walk/-/fs.walk-1.2.8.tgz. Extracting by manifest.
428 silly tarball no local data for @nodelib/fs.stat@https://registry.npmjs.org/@nodelib/fs.stat/-/fs.stat-2.0.5.tgz. Extracting by manifest.
429 silly tarball no local data for sucrase@https://registry.npmjs.org/sucrase/-/sucrase-3.35.1.tgz. Extracting by manifest.
430 silly tarball no local data for resolve@https://registry.npmjs.org/resolve/-/resolve-1.22.12.tgz. Extracting by manifest.
431 silly tarball no local data for postcss-selector-parser@https://registry.npmjs.org/postcss-selector-parser/-/postcss-selector-parser-6.1.2.tgz. Extracting by manifest.
432 silly tarball no local data for postcss-nested@https://registry.npmjs.org/postcss-nested/-/postcss-nested-6.2.0.tgz. Extracting by manifest.
433 silly tarball no local data for postcss-load-config@https://registry.npmjs.org/postcss-load-config/-/postcss-load-config-6.0.1.tgz. Extracting by manifest.
434 silly tarball no local data for postcss-js@https://registry.npmjs.org/postcss-js/-/postcss-js-4.1.0.tgz. Extracting by manifest.
435 silly tarball no local data for postcss-import@https://registry.npmjs.org/postcss-import/-/postcss-import-15.1.0.tgz. Extracting by manifest.
436 silly tarball no local data for object-hash@https://registry.npmjs.org/object-hash/-/object-hash-3.0.0.tgz. Extracting by manifest.
437 silly tarball no local data for lilconfig@https://registry.npmjs.org/lilconfig/-/lilconfig-3.1.3.tgz. Extracting by manifest.
438 silly tarball no local data for jiti@https://registry.npmjs.org/jiti/-/jiti-1.21.7.tgz. Extracting by manifest.
439 silly tarball no local data for glob-parent@https://registry.npmjs.org/glob-parent/-/glob-parent-6.0.2.tgz. Extracting by manifest.
440 silly tarball no local data for dlv@https://registry.npmjs.org/dlv/-/dlv-1.1.3.tgz. Extracting by manifest.
441 silly tarball no local data for fast-glob@https://registry.npmjs.org/fast-glob/-/fast-glob-3.3.3.tgz. Extracting by manifest.
442 silly tarball no local data for didyoumean@https://registry.npmjs.org/didyoumean/-/didyoumean-1.2.2.tgz. Extracting by manifest.
443 silly tarball no local data for @alloc/quick-lru@https://registry.npmjs.org/@alloc/quick-lru/-/quick-lru-5.2.0.tgz. Extracting by manifest.
444 silly tarball no local data for arg@https://registry.npmjs.org/arg/-/arg-5.0.2.tgz. Extracting by manifest.
445 silly tarball no local data for fraction.js@https://registry.npmjs.org/fraction.js/-/fraction.js-5.3.4.tgz. Extracting by manifest.
446 silly tarball no local data for tailwindcss@https://registry.npmjs.org/tailwindcss/-/tailwindcss-3.4.19.tgz. Extracting by manifest.
447 silly tarball no local data for autoprefixer@https://registry.npmjs.org/autoprefixer/-/autoprefixer-10.5.0.tgz. Extracting by manifest.
448 http fetch POST 200 https://registry.npmjs.org/-/npm/v1/security/advisories/bulk 2121ms
449 silly audit report {}
450 http fetch GET 200 https://registry.npmjs.org/thenify/-/thenify-3.3.1.tgz 2283ms (cache miss)
451 http fetch GET 200 https://registry.npmjs.org/object-assign/-/object-assign-4.1.1.tgz 2264ms (cache miss)
452 http fetch GET 200 https://registry.npmjs.org/thenify-all/-/thenify-all-1.6.0.tgz 2281ms (cache miss)
453 http fetch GET 200 https://registry.npmjs.org/util-deprecate/-/util-deprecate-1.0.2.tgz 2164ms (cache miss)
454 http fetch GET 200 https://registry.npmjs.org/pify/-/pify-2.3.0.tgz 2180ms (cache miss)
455 http fetch GET 200 https://registry.npmjs.org/pirates/-/pirates-4.0.7.tgz 2321ms (cache miss)
456 http fetch GET 200 https://registry.npmjs.org/camelcase-css/-/camelcase-css-2.0.1.tgz 2202ms (cache miss)
457 http fetch GET 200 https://registry.npmjs.org/read-cache/-/read-cache-1.0.0.tgz 2198ms (cache miss)
458 http fetch GET 200 https://registry.npmjs.org/reusify/-/reusify-1.1.0.tgz 2188ms (cache miss)
459 http fetch GET 200 https://registry.npmjs.org/cssesc/-/cssesc-3.0.0.tgz 2243ms (cache miss)
460 http fetch GET 200 https://registry.npmjs.org/run-parallel/-/run-parallel-1.2.0.tgz 2204ms (cache miss)
461 http fetch GET 200 https://registry.npmjs.org/@nodelib/fs.scandir/-/fs.scandir-2.1.5.tgz 2189ms (cache miss)
462 http fetch GET 200 https://registry.npmjs.org/merge2/-/merge2-1.4.1.tgz 2204ms (cache miss)
463 http fetch GET 200 https://registry.npmjs.org/ts-interface-checker/-/ts-interface-checker-0.1.13.tgz 2559ms (cache miss)
464 http fetch GET 200 https://registry.npmjs.org/fastq/-/fastq-1.20.1.tgz 2394ms (cache miss)
465 http fetch GET 200 https://registry.npmjs.org/@nodelib/fs.stat/-/fs.stat-2.0.5.tgz 2508ms (cache miss)
466 http fetch GET 200 https://registry.npmjs.org/any-promise/-/any-promise-1.3.0.tgz 2831ms (cache miss)
467 http fetch GET 200 https://registry.npmjs.org/postcss-nested/-/postcss-nested-6.2.0.tgz 2562ms (cache miss)
468 http fetch GET 200 https://registry.npmjs.org/postcss-load-config/-/postcss-load-config-6.0.1.tgz 2700ms (cache miss)
469 http fetch GET 200 https://registry.npmjs.org/@nodelib/fs.walk/-/fs.walk-1.2.8.tgz 2830ms (cache miss)
470 http fetch GET 200 https://registry.npmjs.org/postcss-js/-/postcss-js-4.1.0.tgz 3073ms (cache miss)
471 http fetch GET 200 https://registry.npmjs.org/path-parse/-/path-parse-1.0.7.tgz 3329ms (cache miss)
472 http fetch GET 200 https://registry.npmjs.org/supports-preserve-symlinks-flag/-/supports-preserve-symlinks-flag-1.0.0.tgz 3529ms (cache miss)
473 http fetch GET 200 https://registry.npmjs.org/lilconfig/-/lilconfig-3.1.3.tgz 3324ms (cache miss)
474 http fetch GET 200 https://registry.npmjs.org/object-hash/-/object-hash-3.0.0.tgz 3352ms (cache miss)
475 http fetch GET 200 https://registry.npmjs.org/lines-and-columns/-/lines-and-columns-1.2.4.tgz 3649ms (cache miss)
476 http fetch GET 200 https://registry.npmjs.org/queue-microtask/-/queue-microtask-1.2.3.tgz 3643ms (cache miss)
477 http fetch GET 200 https://registry.npmjs.org/mz/-/mz-2.7.0.tgz 3689ms (cache miss)
478 http fetch GET 200 https://registry.npmjs.org/is-core-module/-/is-core-module-2.16.2.tgz 3653ms (cache miss)
479 http fetch GET 200 https://registry.npmjs.org/hasown/-/hasown-2.0.4.tgz 3700ms (cache miss)
480 http fetch GET 200 https://registry.npmjs.org/postcss-import/-/postcss-import-15.1.0.tgz 3495ms (cache miss)
481 http fetch GET 200 https://registry.npmjs.org/commander/-/commander-4.1.1.tgz 3812ms (cache miss)
482 http fetch GET 200 https://registry.npmjs.org/glob-parent/-/glob-parent-6.0.2.tgz 4066ms (cache miss)
483 http fetch GET 200 https://registry.npmjs.org/dlv/-/dlv-1.1.3.tgz 4060ms (cache miss)
484 http fetch GET 200 https://registry.npmjs.org/postcss-selector-parser/-/postcss-selector-parser-6.1.2.tgz 4175ms (cache miss)
485 http fetch GET 200 https://registry.npmjs.org/didyoumean/-/didyoumean-1.2.2.tgz 4132ms (cache miss)
486 http fetch GET 200 https://registry.npmjs.org/arg/-/arg-5.0.2.tgz 4125ms (cache miss)
487 http fetch GET 200 https://registry.npmjs.org/@alloc/quick-lru/-/quick-lru-5.2.0.tgz 4265ms (cache miss)
488 http fetch GET 200 https://registry.npmjs.org/fraction.js/-/fraction.js-5.3.4.tgz 4526ms (cache miss)
489 http fetch GET 200 https://registry.npmjs.org/jiti/-/jiti-1.21.7.tgz 4855ms (cache miss)
490 http fetch GET 200 https://registry.npmjs.org/fast-glob/-/fast-glob-3.3.3.tgz 5218ms (cache miss)
491 http fetch GET 200 https://registry.npmjs.org/resolve/-/resolve-1.22.12.tgz 5609ms (cache miss)
492 http fetch GET 200 https://registry.npmjs.org/autoprefixer/-/autoprefixer-10.5.0.tgz 5467ms (cache miss)
493 http fetch GET 200 https://registry.npmjs.org/sucrase/-/sucrase-3.35.1.tgz 6790ms (cache miss)
494 http fetch GET 200 https://registry.npmjs.org/tailwindcss/-/tailwindcss-3.4.19.tgz 7049ms (cache miss)
495 silly ADD node_modules/thenify
496 silly ADD node_modules/thenify-all
497 silly ADD node_modules/object-assign
498 silly ADD node_modules/any-promise
499 silly ADD node_modules/ts-interface-checker
500 silly ADD node_modules/pirates
501 silly ADD node_modules/mz
502 silly ADD node_modules/lines-and-columns
503 silly ADD node_modules/commander
504 silly ADD node_modules/queue-microtask
505 silly ADD node_modules/function-bind
506 silly ADD node_modules/hasown
507 silly ADD node_modules/supports-preserve-symlinks-flag
508 silly ADD node_modules/path-parse
509 silly ADD node_modules/is-core-module
510 silly ADD node_modules/es-errors
511 silly ADD node_modules/pify
512 silly ADD node_modules/util-deprecate
513 silly ADD node_modules/cssesc
514 silly ADD node_modules/camelcase-css
515 silly ADD node_modules/read-cache
516 silly ADD node_modules/is-extglob
517 silly ADD node_modules/binary-extensions
518 silly ADD node_modules/reusify
519 silly ADD node_modules/run-parallel
520 silly ADD node_modules/fastq
521 silly ADD node_modules/@nodelib/fs.scandir
522 silly ADD node_modules/merge2
523 silly ADD node_modules/@nodelib/fs.walk
524 silly ADD node_modules/@nodelib/fs.stat
525 silly ADD node_modules/readdirp
526 silly ADD node_modules/readdirp/node_modules/picomatch
527 silly ADD node_modules/is-binary-path
528 silly ADD node_modules/anymatch
529 silly ADD node_modules/anymatch/node_modules/picomatch
530 silly ADD node_modules/sucrase
531 silly ADD node_modules/resolve
532 silly ADD node_modules/postcss-selector-parser
533 silly ADD node_modules/postcss-nested
534 silly ADD node_modules/postcss-load-config
535 silly ADD node_modules/postcss-js
536 silly ADD node_modules/postcss-import
537 silly ADD node_modules/object-hash
538 silly ADD node_modules/normalize-path
539 silly ADD node_modules/lilconfig
540 silly ADD node_modules/jiti
541 silly ADD node_modules/is-glob
542 silly ADD node_modules/glob-parent
543 silly ADD node_modules/fast-glob
544 silly ADD node_modules/fast-glob/node_modules/glob-parent
545 silly ADD node_modules/dlv
546 silly ADD node_modules/didyoumean
547 silly ADD node_modules/chokidar
548 silly ADD node_modules/chokidar/node_modules/glob-parent
549 silly ADD node_modules/arg
550 silly ADD node_modules/@alloc/quick-lru
551 silly ADD node_modules/postcss-value-parser
552 silly ADD node_modules/fraction.js
553 silly ADD node_modules/tailwindcss
554 silly ADD node_modules/autoprefixer
555 verbose cwd /data/data/com.termux/files/home/zimdev
556 verbose os Linux 4.19.127-perf-g7288046673d5
557 verbose node v26.2.0
558 verbose npm  v11.15.0
559 verbose exit 0
560 info ok
