0 verbose cli /data/data/com.termux/files/usr/bin/node /data/data/com.termux/files/usr/bin/npm
1 info using npm@11.15.0
2 info using node@v26.2.0
3 silly config load:file:/data/data/com.termux/files/usr/lib/node_modules/npm/npmrc
4 silly config load:file:/data/data/com.termux/files/home/zimdev/.npmrc
5 silly config load:file:/data/data/com.termux/files/home/.npmrc
6 silly config load:file:/data/data/com.termux/files/usr/etc/npmrc
7 verbose title npm install lightningcss@latest
8 verbose argv "install" "lightningcss@latest" "--platform" "android" "--target_arch" "arm64" "--force"
9 verbose logfile logs-max:10 dir:/data/data/com.termux/files/home/.npm/_logs/2026-06-04T13_12_48_355Z-
10 verbose logfile /data/data/com.termux/files/home/.npm/_logs/2026-06-04T13_12_48_355Z-debug-0.log
11 warn using --force Recommended protections disabled.
12 warn Unknown cli config "--platform". This will stop working in the next major version of npm.
13 warn Unknown cli config "--target_arch". This will stop working in the next major version of npm.
14 silly logfile start cleaning logs, removing 1 files
15 silly logfile done cleaning log files
16 silly packumentCache heap:521142272 maxSize:130285568 maxEntrySize:65142784
17 verbose shrinkwrap failed to load node_modules/.package-lock.json out of date, updated: node_modules
18 silly packumentCache corgi:https://registry.npmjs.org/lightningcss cache-miss
19 http fetch GET 200 https://registry.npmjs.org/lightningcss 1528ms (cache miss)
20 silly packumentCache corgi:https://registry.npmjs.org/lightningcss set size:undefined disposed:false
21 silly idealTree buildDeps
22 silly fetch manifest lightningcss@1.32.0
23 silly packumentCache full:https://registry.npmjs.org/lightningcss cache-miss
24 http fetch GET 200 https://registry.npmjs.org/lightningcss 246ms (cache miss)
25 silly packumentCache full:https://registry.npmjs.org/lightningcss set size:undefined disposed:false
26 silly placeDep ROOT lightningcss@1.32.0 REPLACE for: react-vite-tailwind@0.0.0 want: 1.32.0
27 silly fetch manifest lightningcss-darwin-x64@1.32.0
28 silly packumentCache full:https://registry.npmjs.org/lightningcss-darwin-x64 cache-miss
29 silly fetch manifest lightningcss-linux-x64-gnu@1.32.0
30 silly packumentCache full:https://registry.npmjs.org/lightningcss-linux-x64-gnu cache-miss
31 silly fetch manifest lightningcss-win32-x64-msvc@1.32.0
32 silly packumentCache full:https://registry.npmjs.org/lightningcss-win32-x64-msvc cache-miss
33 silly fetch manifest lightningcss-win32-arm64-msvc@1.32.0
34 silly packumentCache full:https://registry.npmjs.org/lightningcss-win32-arm64-msvc cache-miss
35 silly fetch manifest lightningcss-darwin-arm64@1.32.0
36 silly packumentCache full:https://registry.npmjs.org/lightningcss-darwin-arm64 cache-miss
37 silly fetch manifest lightningcss-linux-arm64-gnu@1.32.0
38 silly packumentCache full:https://registry.npmjs.org/lightningcss-linux-arm64-gnu cache-miss
39 silly fetch manifest lightningcss-linux-arm-gnueabihf@1.32.0
40 silly packumentCache full:https://registry.npmjs.org/lightningcss-linux-arm-gnueabihf cache-miss
41 http fetch GET 200 https://registry.npmjs.org/lightningcss-darwin-x64 259ms (cache miss)
42 silly packumentCache full:https://registry.npmjs.org/lightningcss-darwin-x64 set size:undefined disposed:false
43 silly fetch manifest lightningcss-linux-arm64-musl@1.32.0
44 silly packumentCache full:https://registry.npmjs.org/lightningcss-linux-arm64-musl cache-miss
45 http fetch GET 200 https://registry.npmjs.org/lightningcss-darwin-arm64 546ms (cache miss)
46 silly packumentCache full:https://registry.npmjs.org/lightningcss-darwin-arm64 set size:undefined disposed:false
47 silly fetch manifest lightningcss-linux-x64-musl@1.32.0
48 silly packumentCache full:https://registry.npmjs.org/lightningcss-linux-x64-musl cache-miss
49 http fetch GET 200 https://registry.npmjs.org/lightningcss-linux-x64-gnu 615ms (cache miss)
50 silly packumentCache full:https://registry.npmjs.org/lightningcss-linux-x64-gnu set size:undefined disposed:false
51 silly fetch manifest lightningcss-freebsd-x64@1.32.0
52 silly packumentCache full:https://registry.npmjs.org/lightningcss-freebsd-x64 cache-miss
53 http fetch GET 200 https://registry.npmjs.org/lightningcss-linux-arm64-gnu 622ms (cache miss)
54 silly packumentCache full:https://registry.npmjs.org/lightningcss-linux-arm64-gnu set size:undefined disposed:false
55 silly fetch manifest lightningcss-android-arm64@1.32.0
56 silly packumentCache full:https://registry.npmjs.org/lightningcss-android-arm64 cache-miss
57 http fetch GET 200 https://registry.npmjs.org/lightningcss-linux-x64-musl 279ms (cache miss)
58 silly packumentCache full:https://registry.npmjs.org/lightningcss-linux-x64-musl set size:undefined disposed:false
59 http fetch GET 200 https://registry.npmjs.org/lightningcss-android-arm64 264ms (cache miss)
60 silly packumentCache full:https://registry.npmjs.org/lightningcss-android-arm64 set size:undefined disposed:false
61 http fetch GET 200 https://registry.npmjs.org/lightningcss-freebsd-x64 307ms (cache miss)
62 silly packumentCache full:https://registry.npmjs.org/lightningcss-freebsd-x64 set size:undefined disposed:false
63 http fetch GET 200 https://registry.npmjs.org/lightningcss-win32-arm64-msvc 961ms (cache miss)
64 silly packumentCache full:https://registry.npmjs.org/lightningcss-win32-arm64-msvc set size:undefined disposed:false
65 http fetch GET 200 https://registry.npmjs.org/lightningcss-linux-arm64-musl 707ms (cache miss)
66 silly packumentCache full:https://registry.npmjs.org/lightningcss-linux-arm64-musl set size:undefined disposed:false
67 http fetch GET 200 https://registry.npmjs.org/lightningcss-win32-x64-msvc 1001ms (cache miss)
68 silly packumentCache full:https://registry.npmjs.org/lightningcss-win32-x64-msvc set size:undefined disposed:false
69 http fetch GET 200 https://registry.npmjs.org/lightningcss-linux-arm-gnueabihf 1117ms (cache miss)
70 silly packumentCache full:https://registry.npmjs.org/lightningcss-linux-arm-gnueabihf set size:undefined disposed:false
71 silly fetch manifest lightningcss@1.30.2
72 silly packumentCache full:https://registry.npmjs.org/lightningcss cache-miss
73 http cache https://registry.npmjs.org/lightningcss 100ms (cache hit)
74 silly packumentCache full:https://registry.npmjs.org/lightningcss set size:186753 disposed:false
75 silly placeDep node_modules/@tailwindcss/node lightningcss@1.30.2 OK for: @tailwindcss/node@4.1.17 want: 1.30.2
76 silly fetch manifest lightningcss-darwin-x64@1.30.2
77 silly packumentCache full:https://registry.npmjs.org/lightningcss-darwin-x64 cache-miss
78 silly fetch manifest lightningcss-freebsd-x64@1.30.2
79 silly packumentCache full:https://registry.npmjs.org/lightningcss-freebsd-x64 cache-miss
80 silly fetch manifest lightningcss-darwin-arm64@1.30.2
81 silly packumentCache full:https://registry.npmjs.org/lightningcss-darwin-arm64 cache-miss
82 silly fetch manifest lightningcss-android-arm64@1.30.2
83 silly packumentCache full:https://registry.npmjs.org/lightningcss-android-arm64 cache-miss
84 silly fetch manifest lightningcss-linux-x64-gnu@1.30.2
85 silly packumentCache full:https://registry.npmjs.org/lightningcss-linux-x64-gnu cache-miss
86 silly fetch manifest lightningcss-linux-x64-musl@1.30.2
87 silly packumentCache full:https://registry.npmjs.org/lightningcss-linux-x64-musl cache-miss
88 silly fetch manifest lightningcss-win32-x64-msvc@1.30.2
89 silly packumentCache full:https://registry.npmjs.org/lightningcss-win32-x64-msvc cache-miss
90 http cache https://registry.npmjs.org/lightningcss-freebsd-x64 108ms (cache hit)
91 silly packumentCache full:https://registry.npmjs.org/lightningcss-freebsd-x64 set size:42877 disposed:false
92 silly fetch manifest lightningcss-linux-arm64-gnu@1.30.2
93 silly packumentCache full:https://registry.npmjs.org/lightningcss-linux-arm64-gnu cache-miss
94 http cache https://registry.npmjs.org/lightningcss-darwin-x64 128ms (cache hit)
95 silly packumentCache full:https://registry.npmjs.org/lightningcss-darwin-x64 set size:78694 disposed:false
96 silly fetch manifest lightningcss-linux-arm64-musl@1.30.2
97 silly packumentCache full:https://registry.npmjs.org/lightningcss-linux-arm64-musl cache-miss
98 http cache https://registry.npmjs.org/lightningcss-android-arm64 131ms (cache hit)
99 silly packumentCache full:https://registry.npmjs.org/lightningcss-android-arm64 set size:7671 disposed:false
100 silly fetch manifest lightningcss-win32-arm64-msvc@1.30.2
101 silly packumentCache full:https://registry.npmjs.org/lightningcss-win32-arm64-msvc cache-miss
102 http cache https://registry.npmjs.org/lightningcss-darwin-arm64 147ms (cache hit)
103 silly packumentCache full:https://registry.npmjs.org/lightningcss-darwin-arm64 set size:79276 disposed:false
104 silly fetch manifest lightningcss-linux-arm-gnueabihf@1.30.2
105 silly packumentCache full:https://registry.npmjs.org/lightningcss-linux-arm-gnueabihf cache-miss
106 http cache https://registry.npmjs.org/lightningcss-linux-x64-musl 151ms (cache hit)
107 silly packumentCache full:https://registry.npmjs.org/lightningcss-linux-x64-musl set size:80313 disposed:false
108 http cache https://registry.npmjs.org/lightningcss-linux-x64-gnu 168ms (cache hit)
109 silly packumentCache full:https://registry.npmjs.org/lightningcss-linux-x64-gnu set size:80105 disposed:false
110 http cache https://registry.npmjs.org/lightningcss-win32-x64-msvc 173ms (cache hit)
111 silly packumentCache full:https://registry.npmjs.org/lightningcss-win32-x64-msvc set size:79645 disposed:false
112 http cache https://registry.npmjs.org/lightningcss-linux-arm64-gnu 132ms (cache hit)
113 silly packumentCache full:https://registry.npmjs.org/lightningcss-linux-arm64-gnu set size:80669 disposed:false
114 http cache https://registry.npmjs.org/lightningcss-linux-arm-gnueabihf 100ms (cache hit)
115 silly packumentCache full:https://registry.npmjs.org/lightningcss-linux-arm-gnueabihf set size:80903 disposed:false
116 http cache https://registry.npmjs.org/lightningcss-linux-arm64-musl 142ms (cache hit)
117 silly packumentCache full:https://registry.npmjs.org/lightningcss-linux-arm64-musl set size:80887 disposed:false
118 http cache https://registry.npmjs.org/lightningcss-win32-arm64-msvc 143ms (cache hit)
119 silly packumentCache full:https://registry.npmjs.org/lightningcss-win32-arm64-msvc set size:26629 disposed:false
120 silly placeDep ROOT lightningcss-android-arm64@1.32.0 OK for: lightningcss@1.32.0 want: 1.32.0
121 silly placeDep ROOT lightningcss-darwin-arm64@1.32.0 OK for: lightningcss@1.32.0 want: 1.32.0
122 silly placeDep ROOT lightningcss-darwin-x64@1.32.0 OK for: lightningcss@1.32.0 want: 1.32.0
123 silly placeDep ROOT lightningcss-freebsd-x64@1.32.0 OK for: lightningcss@1.32.0 want: 1.32.0
124 silly placeDep ROOT lightningcss-linux-arm-gnueabihf@1.32.0 OK for: lightningcss@1.32.0 want: 1.32.0
125 silly placeDep ROOT lightningcss-linux-arm64-gnu@1.32.0 OK for: lightningcss@1.32.0 want: 1.32.0
126 silly placeDep ROOT lightningcss-linux-arm64-musl@1.32.0 OK for: lightningcss@1.32.0 want: 1.32.0
127 silly placeDep ROOT lightningcss-linux-x64-gnu@1.32.0 OK for: lightningcss@1.32.0 want: 1.32.0
128 silly placeDep ROOT lightningcss-linux-x64-musl@1.32.0 OK for: lightningcss@1.32.0 want: 1.32.0
129 silly placeDep ROOT lightningcss-win32-arm64-msvc@1.32.0 OK for: lightningcss@1.32.0 want: 1.32.0
130 silly placeDep ROOT lightningcss-win32-x64-msvc@1.32.0 OK for: lightningcss@1.32.0 want: 1.32.0
131 silly placeDep node_modules/@tailwindcss/node lightningcss-android-arm64@1.30.2 OK for: lightningcss@1.30.2 want: 1.30.2
132 silly placeDep node_modules/@tailwindcss/node lightningcss-darwin-arm64@1.30.2 OK for: lightningcss@1.30.2 want: 1.30.2
133 silly placeDep node_modules/@tailwindcss/node lightningcss-darwin-x64@1.30.2 OK for: lightningcss@1.30.2 want: 1.30.2
134 silly placeDep node_modules/@tailwindcss/node lightningcss-freebsd-x64@1.30.2 OK for: lightningcss@1.30.2 want: 1.30.2
135 silly placeDep node_modules/@tailwindcss/node lightningcss-linux-arm-gnueabihf@1.30.2 OK for: lightningcss@1.30.2 want: 1.30.2
136 silly placeDep node_modules/@tailwindcss/node lightningcss-linux-arm64-gnu@1.30.2 OK for: lightningcss@1.30.2 want: 1.30.2
137 silly placeDep node_modules/@tailwindcss/node lightningcss-linux-arm64-musl@1.30.2 OK for: lightningcss@1.30.2 want: 1.30.2
138 silly placeDep node_modules/@tailwindcss/node lightningcss-linux-x64-gnu@1.30.2 OK for: lightningcss@1.30.2 want: 1.30.2
139 silly placeDep node_modules/@tailwindcss/node lightningcss-linux-x64-musl@1.30.2 OK for: lightningcss@1.30.2 want: 1.30.2
140 silly placeDep node_modules/@tailwindcss/node lightningcss-win32-arm64-msvc@1.30.2 OK for: lightningcss@1.30.2 want: 1.30.2
141 silly placeDep node_modules/@tailwindcss/node lightningcss-win32-x64-msvc@1.30.2 OK for: lightningcss@1.30.2 want: 1.30.2
142 silly reify mark retired [ '/data/data/com.termux/files/home/zimdev/node_modules/lightningcss' ]
143 silly reify moves {
143 silly reify   '/data/data/com.termux/files/home/zimdev/node_modules/lightningcss': '/data/data/com.termux/files/home/zimdev/node_modules/.lightningcss-ej2Rt3fv'
143 silly reify }
144 silly audit bulk request {
144 silly audit   '@babel/code-frame': [ '7.29.7' ],
144 silly audit   '@babel/compat-data': [ '7.29.7' ],
144 silly audit   '@babel/core': [ '7.29.7' ],
144 silly audit   '@babel/generator': [ '7.29.7' ],
144 silly audit   '@babel/helper-compilation-targets': [ '7.29.7' ],
144 silly audit   '@babel/helper-globals': [ '7.29.7' ],
144 silly audit   '@babel/helper-module-imports': [ '7.29.7' ],
144 silly audit   '@babel/helper-module-transforms': [ '7.29.7' ],
144 silly audit   '@babel/helper-plugin-utils': [ '7.29.7' ],
144 silly audit   '@babel/helper-string-parser': [ '7.29.7' ],
144 silly audit   '@babel/helper-validator-identifier': [ '7.29.7' ],
144 silly audit   '@babel/helper-validator-option': [ '7.29.7' ],
144 silly audit   '@babel/helpers': [ '7.29.7' ],
144 silly audit   '@babel/parser': [ '7.29.7' ],
144 silly audit   '@babel/plugin-transform-react-jsx-self': [ '7.29.7' ],
144 silly audit   '@babel/plugin-transform-react-jsx-source': [ '7.29.7' ],
144 silly audit   '@babel/template': [ '7.29.7' ],
144 silly audit   '@babel/traverse': [ '7.29.7' ],
144 silly audit   '@babel/types': [ '7.29.7' ],
144 silly audit   '@esbuild/aix-ppc64': [ '0.27.7' ],
144 silly audit   '@esbuild/android-arm': [ '0.27.7' ],
144 silly audit   '@esbuild/android-arm64': [ '0.27.7' ],
144 silly audit   '@esbuild/android-x64': [ '0.27.7' ],
144 silly audit   '@esbuild/darwin-arm64': [ '0.27.7' ],
144 silly audit   '@esbuild/darwin-x64': [ '0.27.7' ],
144 silly audit   '@esbuild/freebsd-arm64': [ '0.27.7' ],
144 silly audit   '@esbuild/freebsd-x64': [ '0.27.7' ],
144 silly audit   '@esbuild/linux-arm': [ '0.27.7' ],
144 silly audit   '@esbuild/linux-arm64': [ '0.27.7' ],
144 silly audit   '@esbuild/linux-ia32': [ '0.27.7' ],
144 silly audit   '@esbuild/linux-loong64': [ '0.27.7' ],
144 silly audit   '@esbuild/linux-mips64el': [ '0.27.7' ],
144 silly audit   '@esbuild/linux-ppc64': [ '0.27.7' ],
144 silly audit   '@esbuild/linux-riscv64': [ '0.27.7' ],
144 silly audit   '@esbuild/linux-s390x': [ '0.27.7' ],
144 silly audit   '@esbuild/linux-x64': [ '0.27.7' ],
144 silly audit   '@esbuild/netbsd-arm64': [ '0.27.7' ],
144 silly audit   '@esbuild/netbsd-x64': [ '0.27.7' ],
144 silly audit   '@esbuild/openbsd-arm64': [ '0.27.7' ],
144 silly audit   '@esbuild/openbsd-x64': [ '0.27.7' ],
144 silly audit   '@esbuild/openharmony-arm64': [ '0.27.7' ],
144 silly audit   '@esbuild/sunos-x64': [ '0.27.7' ],
144 silly audit   '@esbuild/win32-arm64': [ '0.27.7' ],
144 silly audit   '@esbuild/win32-ia32': [ '0.27.7' ],
144 silly audit   '@esbuild/win32-x64': [ '0.27.7' ],
144 silly audit   '@jridgewell/gen-mapping': [ '0.3.13' ],
144 silly audit   '@jridgewell/remapping': [ '2.3.5' ],
144 silly audit   '@jridgewell/resolve-uri': [ '3.1.2' ],
144 silly audit   '@jridgewell/sourcemap-codec': [ '1.5.5' ],
144 silly audit   '@jridgewell/trace-mapping': [ '0.3.31' ],
144 silly audit   '@rolldown/pluginutils': [ '1.0.0-beta.47' ],
144 silly audit   '@rollup/rollup-android-arm-eabi': [ '4.61.0' ],
144 silly audit   '@rollup/rollup-android-arm64': [ '4.61.0' ],
144 silly audit   '@rollup/rollup-darwin-arm64': [ '4.61.0' ],
144 silly audit   '@rollup/rollup-darwin-x64': [ '4.61.0' ],
144 silly audit   '@rollup/rollup-freebsd-arm64': [ '4.61.0' ],
144 silly audit   '@rollup/rollup-freebsd-x64': [ '4.61.0' ],
144 silly audit   '@rollup/rollup-linux-arm-gnueabihf': [ '4.61.0' ],
144 silly audit   '@rollup/rollup-linux-arm-musleabihf': [ '4.61.0' ],
144 silly audit   '@rollup/rollup-linux-arm64-gnu': [ '4.61.0' ],
144 silly audit   '@rollup/rollup-linux-arm64-musl': [ '4.61.0' ],
144 silly audit   '@rollup/rollup-linux-loong64-gnu': [ '4.61.0' ],
144 silly audit   '@rollup/rollup-linux-loong64-musl': [ '4.61.0' ],
144 silly audit   '@rollup/rollup-linux-ppc64-gnu': [ '4.61.0' ],
144 silly audit   '@rollup/rollup-linux-ppc64-musl': [ '4.61.0' ],
144 silly audit   '@rollup/rollup-linux-riscv64-gnu': [ '4.61.0' ],
144 silly audit   '@rollup/rollup-linux-riscv64-musl': [ '4.61.0' ],
144 silly audit   '@rollup/rollup-linux-s390x-gnu': [ '4.61.0' ],
144 silly audit   '@rollup/rollup-linux-x64-gnu': [ '4.61.0' ],
144 silly audit   '@rollup/rollup-linux-x64-musl': [ '4.61.0' ],
144 silly audit   '@rollup/rollup-openbsd-x64': [ '4.61.0' ],
144 silly audit   '@rollup/rollup-openharmony-arm64': [ '4.61.0' ],
144 silly audit   '@rollup/rollup-win32-arm64-msvc': [ '4.61.0' ],
144 silly audit   '@rollup/rollup-win32-ia32-msvc': [ '4.61.0' ],
144 silly audit   '@rollup/rollup-win32-x64-gnu': [ '4.61.0' ],
144 silly audit   '@rollup/rollup-win32-x64-msvc': [ '4.61.0' ],
144 silly audit   '@tailwindcss/node': [ '4.1.17' ],
144 silly audit   '@tailwindcss/oxide': [ '4.1.17' ],
144 silly audit   '@tailwindcss/oxide-android-arm64': [ '4.1.17' ],
144 silly audit   '@tailwindcss/oxide-darwin-arm64': [ '4.1.17' ],
144 silly audit   '@tailwindcss/oxide-darwin-x64': [ '4.1.17' ],
144 silly audit   '@tailwindcss/oxide-freebsd-x64': [ '4.1.17' ],
144 silly audit   '@tailwindcss/oxide-linux-arm-gnueabihf': [ '4.1.17' ],
144 silly audit   '@tailwindcss/oxide-linux-arm64-gnu': [ '4.1.17' ],
144 silly audit   '@tailwindcss/oxide-linux-arm64-musl': [ '4.1.17' ],
144 silly audit   '@tailwindcss/oxide-linux-x64-gnu': [ '4.1.17' ],
144 silly audit   '@tailwindcss/oxide-linux-x64-musl': [ '4.1.17' ],
144 silly audit   '@tailwindcss/oxide-wasm32-wasi': [ '4.1.17' ],
144 silly audit   '@tailwindcss/oxide-win32-arm64-msvc': [ '4.1.17' ],
144 silly audit   '@tailwindcss/oxide-win32-x64-msvc': [ '4.1.17' ],
144 silly audit   '@tailwindcss/vite': [ '4.1.17' ],
144 silly audit   '@types/babel__core': [ '7.20.5' ],
144 silly audit   '@types/babel__generator': [ '7.27.0' ],
144 silly audit   '@types/babel__template': [ '7.4.4' ],
144 silly audit   '@types/babel__traverse': [ '7.28.0' ],
144 silly audit   '@types/estree': [ '1.0.9' ],
144 silly audit   '@types/node': [ '22.19.17' ],
144 silly audit   '@types/react': [ '19.2.7' ],
144 silly audit   '@types/react-dom': [ '19.2.3' ],
144 silly audit   '@vitejs/plugin-react': [ '5.1.1' ],
144 silly audit   'baseline-browser-mapping': [ '2.10.33' ],
144 silly audit   braces: [ '3.0.3' ],
144 silly audit   browserslist: [ '4.28.2' ],
144 silly audit   'caniuse-lite': [ '1.0.30001793' ],
144 silly audit   clsx: [ '2.1.1' ],
144 silly audit   'convert-source-map': [ '2.0.0' ],
144 silly audit   cookie: [ '1.1.1' ],
144 silly audit   csstype: [ '3.2.3' ],
144 silly audit   debug: [ '4.4.3' ],
144 silly audit   'detect-libc': [ '2.1.2' ],
144 silly audit   'electron-to-chromium': [ '1.5.364' ],
144 silly audit   'enhanced-resolve': [ '5.22.1' ],
144 silly audit   esbuild: [ '0.27.7' ],
144 silly audit   escalade: [ '3.2.0' ],
144 silly audit   fdir: [ '6.5.0' ],
144 silly audit   'fill-range': [ '7.1.1' ],
144 silly audit   fsevents: [ '2.3.3' ],
144 silly audit   gensync: [ '1.0.0-beta.2' ],
144 silly audit   'graceful-fs': [ '4.2.11' ],
144 silly audit   'is-number': [ '7.0.0' ],
144 silly audit   jiti: [ '2.7.0' ],
144 silly audit   'js-tokens': [ '4.0.0' ],
144 silly audit   jsesc: [ '3.1.0' ],
144 silly audit   json5: [ '2.2.3' ],
144 silly audit   'lru-cache': [ '5.1.1' ],
144 silly audit   'lucide-react': [ '1.17.0' ],
144 silly audit   'magic-string': [ '0.30.21' ],
144 silly audit   micromatch: [ '4.0.8' ],
144 silly audit   picomatch: [ '2.3.2', '4.0.4' ],
144 silly audit   ms: [ '2.1.3' ],
144 silly audit   nanoid: [ '3.3.12' ],
144 silly audit   'node-releases': [ '2.0.46' ],
144 silly audit   picocolors: [ '1.1.1' ],
144 silly audit   postcss: [ '8.5.15' ],
144 silly audit   react: [ '19.2.6' ],
144 silly audit   'react-dom': [ '19.2.6' ],
144 silly audit   'react-refresh': [ '0.18.0' ],
144 silly audit   'react-router': [ '7.16.0' ],
144 silly audit   'react-router-dom': [ '7.16.0' ],
144 silly audit   rollup: [ '4.61.0' ],
144 silly audit   scheduler: [ '0.27.0' ],
144 silly audit   semver: [ '6.3.1' ],
144 silly audit   'set-cookie-parser': [ '2.7.2' ],
144 silly audit   'source-map-js': [ '1.2.1' ],
144 silly audit   'tailwind-merge': [ '3.4.0' ],
144 silly audit   tailwindcss: [ '4.1.17' ],
144 silly audit   tapable: [ '2.3.3' ],
144 silly audit   tinyglobby: [ '0.2.17' ],
144 silly audit   'to-regex-range': [ '5.0.1' ],
144 silly audit   typescript: [ '5.9.3' ],
144 silly audit   'undici-types': [ '6.21.0' ],
144 silly audit   'update-browserslist-db': [ '1.2.3' ],
144 silly audit   vite: [ '7.3.2' ],
144 silly audit   'vite-plugin-singlefile': [ '2.3.0' ],
144 silly audit   yallist: [ '3.1.1' ],
144 silly audit   lightningcss: [ '1.32.0', '1.30.2' ],
144 silly audit   'lightningcss-android-arm64': [ '1.32.0', '1.30.2' ],
144 silly audit   'lightningcss-darwin-arm64': [ '1.32.0', '1.30.2' ],
144 silly audit   'lightningcss-darwin-x64': [ '1.32.0', '1.30.2' ],
144 silly audit   'lightningcss-freebsd-x64': [ '1.32.0', '1.30.2' ],
144 silly audit   'lightningcss-linux-arm-gnueabihf': [ '1.32.0', '1.30.2' ],
144 silly audit   'lightningcss-linux-arm64-gnu': [ '1.32.0', '1.30.2' ],
144 silly audit   'lightningcss-linux-arm64-musl': [ '1.32.0', '1.30.2' ],
144 silly audit   'lightningcss-linux-x64-gnu': [ '1.32.0', '1.30.2' ],
144 silly audit   'lightningcss-linux-x64-musl': [ '1.32.0', '1.30.2' ],
144 silly audit   'lightningcss-win32-arm64-msvc': [ '1.32.0', '1.30.2' ],
144 silly audit   'lightningcss-win32-x64-msvc': [ '1.32.0', '1.30.2' ]
144 silly audit }
145 http cache lightningcss@https://registry.npmjs.org/lightningcss/-/lightningcss-1.30.2.tgz 0ms (cache hit)
146 http cache lightningcss@https://registry.npmjs.org/lightningcss/-/lightningcss-1.32.0.tgz 0ms (cache hit)
147 silly tarball no local data for lightningcss@https://registry.npmjs.org/lightningcss/-/lightningcss-1.32.0.tgz. Extracting by manifest.
148 http fetch GET 200 https://registry.npmjs.org/lightningcss/-/lightningcss-1.32.0.tgz 374ms (cache miss)
149 http fetch POST 200 https://registry.npmjs.org/-/npm/v1/security/advisories/bulk 531ms
150 silly audit report {}
151 silly ADD node_modules/@tailwindcss/node/node_modules/lightningcss
152 silly CHANGE node_modules/lightningcss
153 verbose cwd /data/data/com.termux/files/home/zimdev
154 verbose os Linux 4.19.127-perf-g7288046673d5
155 verbose node v26.2.0
156 verbose npm  v11.15.0
157 verbose exit 0
158 info ok
