0 verbose cli /data/data/com.termux/files/usr/bin/node /data/data/com.termux/files/usr/bin/npm
1 info using npm@11.15.0
2 info using node@v26.2.0
3 silly config load:file:/data/data/com.termux/files/usr/lib/node_modules/npm/npmrc
4 silly config load:file:/data/data/com.termux/files/home/.npmrc
5 silly config load:file:/data/data/com.termux/files/usr/etc/npmrc
6 verbose title npm install gh-pages
7 verbose argv "install" "gh-pages" "--save-dev"
8 verbose logfile logs-max:10 dir:/data/data/com.termux/files/home/.npm/_logs/2026-06-05T18_48_31_925Z-
9 verbose logfile /data/data/com.termux/files/home/.npm/_logs/2026-06-05T18_48_31_925Z-debug-0.log
10 silly logfile start cleaning logs, removing 1 files
11 silly logfile done cleaning log files
12 silly packumentCache heap:521142272 maxSize:130285568 maxEntrySize:65142784
13 verbose shrinkwrap failed to load node_modules/.package-lock.json out of date, updated: node_modules
14 silly idealTree buildDeps
15 silly fetch manifest gh-pages@*
16 silly packumentCache full:https://registry.npmjs.org/gh-pages cache-miss
17 http fetch GET 200 https://registry.npmjs.org/gh-pages 1808ms (cache miss)
18 silly packumentCache full:https://registry.npmjs.org/gh-pages set size:undefined disposed:false
19 silly placeDep ROOT gh-pages@6.3.0 OK for: react-vite-tailwind@0.0.0 want: *
20 silly fetch manifest async@^3.2.4
21 silly packumentCache full:https://registry.npmjs.org/async cache-miss
22 silly fetch manifest globby@^11.1.0
23 silly packumentCache full:https://registry.npmjs.org/globby cache-miss
24 silly fetch manifest fs-extra@^11.1.1
25 silly packumentCache full:https://registry.npmjs.org/fs-extra cache-miss
26 silly fetch manifest commander@^13.0.0
27 silly packumentCache full:https://registry.npmjs.org/commander cache-miss
28 silly fetch manifest filenamify@^4.3.0
29 silly packumentCache full:https://registry.npmjs.org/filenamify cache-miss
30 silly fetch manifest find-cache-dir@^3.3.1
31 silly packumentCache full:https://registry.npmjs.org/find-cache-dir cache-miss
32 silly fetch manifest email-addresses@^5.0.0
33 silly packumentCache full:https://registry.npmjs.org/email-addresses cache-miss
34 http fetch GET 200 https://registry.npmjs.org/globby 409ms (cache miss)
35 silly packumentCache full:https://registry.npmjs.org/globby set size:undefined disposed:false
36 http fetch GET 200 https://registry.npmjs.org/commander 678ms (cache revalidated)
37 silly packumentCache full:https://registry.npmjs.org/commander set size:353115 disposed:false
38 http fetch GET 200 https://registry.npmjs.org/fs-extra 852ms (cache revalidated)
39 silly packumentCache full:https://registry.npmjs.org/fs-extra set size:234923 disposed:false
40 http fetch GET 200 https://registry.npmjs.org/async 958ms (cache revalidated)
41 silly packumentCache full:https://registry.npmjs.org/async set size:230496 disposed:false
42 http fetch GET 200 https://registry.npmjs.org/filenamify 1022ms (cache miss)
43 silly packumentCache full:https://registry.npmjs.org/filenamify set size:undefined disposed:false
44 http fetch GET 200 https://registry.npmjs.org/email-addresses 1021ms (cache miss)
45 silly packumentCache full:https://registry.npmjs.org/email-addresses set size:undefined disposed:false
46 http fetch GET 200 https://registry.npmjs.org/find-cache-dir 1041ms (cache miss)
47 silly packumentCache full:https://registry.npmjs.org/find-cache-dir set size:undefined disposed:false
48 silly placeDep ROOT async@3.2.6 OK for: gh-pages@6.3.0 want: ^3.2.4
49 silly placeDep node_modules/gh-pages commander@13.1.0 OK for: gh-pages@6.3.0 want: ^13.0.0
50 silly placeDep ROOT email-addresses@5.0.0 OK for: gh-pages@6.3.0 want: ^5.0.0
51 silly placeDep ROOT filenamify@4.3.0 OK for: gh-pages@6.3.0 want: ^4.3.0
52 silly placeDep ROOT find-cache-dir@3.3.2 OK for: gh-pages@6.3.0 want: ^3.3.1
53 silly placeDep ROOT fs-extra@11.3.5 OK for: gh-pages@6.3.0 want: ^11.1.1
54 silly placeDep ROOT globby@11.1.0 OK for: gh-pages@6.3.0 want: ^11.1.0
55 silly fetch manifest strip-outer@^1.0.1
56 silly packumentCache full:https://registry.npmjs.org/strip-outer cache-miss
57 silly fetch manifest trim-repeated@^1.0.0
58 silly packumentCache full:https://registry.npmjs.org/trim-repeated cache-miss
59 silly fetch manifest filename-reserved-regex@^2.0.0
60 silly packumentCache full:https://registry.npmjs.org/filename-reserved-regex cache-miss
61 silly fetch manifest pkg-dir@^4.1.0
62 silly packumentCache full:https://registry.npmjs.org/pkg-dir cache-miss
63 silly fetch manifest make-dir@^3.0.2
64 silly packumentCache full:https://registry.npmjs.org/make-dir cache-miss
65 silly fetch manifest commondir@^1.0.1
66 silly packumentCache full:https://registry.npmjs.org/commondir cache-miss
67 silly fetch manifest graceful-fs@^4.2.0
68 silly packumentCache full:https://registry.npmjs.org/graceful-fs cache-miss
69 http fetch GET 200 https://registry.npmjs.org/pkg-dir 217ms (cache miss)
70 silly packumentCache full:https://registry.npmjs.org/pkg-dir set size:undefined disposed:false
71 silly fetch manifest jsonfile@^6.0.1
72 silly packumentCache full:https://registry.npmjs.org/jsonfile cache-miss
73 http fetch GET 200 https://registry.npmjs.org/jsonfile 162ms (cache revalidated)
74 silly packumentCache full:https://registry.npmjs.org/jsonfile set size:53210 disposed:false
75 silly fetch manifest universalify@^2.0.0
76 silly packumentCache full:https://registry.npmjs.org/universalify cache-miss
77 http fetch GET 200 https://registry.npmjs.org/graceful-fs 435ms (cache revalidated)
78 silly packumentCache full:https://registry.npmjs.org/graceful-fs set size:124285 disposed:false
79 silly fetch manifest slash@^3.0.0
80 silly packumentCache full:https://registry.npmjs.org/slash cache-miss
81 http fetch GET 200 https://registry.npmjs.org/filename-reserved-regex 659ms (cache miss)
82 silly packumentCache full:https://registry.npmjs.org/filename-reserved-regex set size:undefined disposed:false
83 silly fetch manifest ignore@^5.2.0
84 silly packumentCache full:https://registry.npmjs.org/ignore cache-miss
85 http fetch GET 200 https://registry.npmjs.org/trim-repeated 682ms (cache miss)
86 silly packumentCache full:https://registry.npmjs.org/trim-repeated set size:undefined disposed:false
87 silly fetch manifest dir-glob@^3.0.1
88 silly packumentCache full:https://registry.npmjs.org/dir-glob cache-miss
89 http fetch GET 200 https://registry.npmjs.org/commondir 680ms (cache miss)
90 silly packumentCache full:https://registry.npmjs.org/commondir set size:undefined disposed:false
91 silly fetch manifest array-union@^2.1.0
92 silly packumentCache full:https://registry.npmjs.org/array-union cache-miss
93 http fetch GET 200 https://registry.npmjs.org/strip-outer 730ms (cache miss)
94 silly packumentCache full:https://registry.npmjs.org/strip-outer set size:undefined disposed:false
95 http fetch GET 200 https://registry.npmjs.org/slash 267ms (cache miss)
96 silly packumentCache full:https://registry.npmjs.org/slash set size:undefined disposed:false
97 http fetch GET 200 https://registry.npmjs.org/make-dir 759ms (cache miss)
98 silly packumentCache full:https://registry.npmjs.org/make-dir set size:undefined disposed:false
99 http fetch GET 200 https://registry.npmjs.org/array-union 145ms (cache miss)
100 silly packumentCache full:https://registry.npmjs.org/array-union set size:undefined disposed:false
101 http fetch GET 200 https://registry.npmjs.org/universalify 482ms (cache revalidated)
102 silly packumentCache full:https://registry.npmjs.org/universalify set size:19431 disposed:false
103 http fetch GET 200 https://registry.npmjs.org/dir-glob 522ms (cache miss)
104 silly packumentCache full:https://registry.npmjs.org/dir-glob set size:undefined disposed:false
105 http fetch GET 200 https://registry.npmjs.org/ignore 572ms (cache miss)
106 silly packumentCache full:https://registry.npmjs.org/ignore set size:undefined disposed:false
107 silly placeDep ROOT filename-reserved-regex@2.0.0 OK for: filenamify@4.3.0 want: ^2.0.0
108 silly placeDep ROOT strip-outer@1.0.1 OK for: filenamify@4.3.0 want: ^1.0.1
109 silly placeDep ROOT trim-repeated@1.0.0 OK for: filenamify@4.3.0 want: ^1.0.0
110 silly fetch manifest escape-string-regexp@^1.0.2
111 silly packumentCache full:https://registry.npmjs.org/escape-string-regexp cache-miss
112 silly fetch manifest escape-string-regexp@^1.0.2
113 silly packumentCache full:https://registry.npmjs.org/escape-string-regexp cache-miss
114 http fetch GET 200 https://registry.npmjs.org/escape-string-regexp 485ms (cache revalidated)
115 silly packumentCache full:https://registry.npmjs.org/escape-string-regexp set size:22244 disposed:false
116 http fetch GET 200 https://registry.npmjs.org/escape-string-regexp 504ms (cache revalidated)
117 silly packumentCache full:https://registry.npmjs.org/escape-string-regexp set size:22244 disposed:false
118 silly packumentCache full:https://registry.npmjs.org/escape-string-regexp dispose
119 silly placeDep ROOT commondir@1.0.1 OK for: find-cache-dir@3.3.2 want: ^1.0.1
120 silly placeDep ROOT make-dir@3.1.0 OK for: find-cache-dir@3.3.2 want: ^3.0.2
121 silly placeDep ROOT pkg-dir@4.2.0 OK for: find-cache-dir@3.3.2 want: ^4.1.0
122 silly fetch manifest find-up@^4.0.0
123 silly packumentCache full:https://registry.npmjs.org/find-up cache-miss
124 http fetch GET 200 https://registry.npmjs.org/find-up 460ms (cache miss)
125 silly packumentCache full:https://registry.npmjs.org/find-up set size:undefined disposed:false
126 silly placeDep ROOT graceful-fs@4.2.11 OK for: fs-extra@11.3.5 want: ^4.2.0
127 silly placeDep ROOT jsonfile@6.2.1 OK for: fs-extra@11.3.5 want: ^6.0.1
128 silly placeDep ROOT universalify@2.0.1 OK for: fs-extra@11.3.5 want: ^2.0.0
129 silly placeDep ROOT array-union@2.1.0 OK for: globby@11.1.0 want: ^2.1.0
130 silly placeDep ROOT dir-glob@3.0.1 OK for: globby@11.1.0 want: ^3.0.1
131 silly placeDep ROOT ignore@5.3.2 OK for: globby@11.1.0 want: ^5.2.0
132 silly placeDep ROOT slash@3.0.0 OK for: globby@11.1.0 want: ^3.0.0
133 silly fetch manifest path-type@^4.0.0
134 silly packumentCache full:https://registry.npmjs.org/path-type cache-miss
135 http fetch GET 200 https://registry.npmjs.org/path-type 142ms (cache miss)
136 silly packumentCache full:https://registry.npmjs.org/path-type set size:undefined disposed:false
137 silly placeDep ROOT path-type@4.0.0 OK for: dir-glob@3.0.1 want: ^4.0.0
138 silly placeDep ROOT find-up@4.1.0 OK for: pkg-dir@4.2.0 want: ^4.0.0
139 silly fetch manifest locate-path@^5.0.0
140 silly packumentCache full:https://registry.npmjs.org/locate-path cache-miss
141 silly fetch manifest path-exists@^4.0.0
142 silly packumentCache full:https://registry.npmjs.org/path-exists cache-miss
143 http fetch GET 200 https://registry.npmjs.org/path-exists 131ms (cache miss)
144 silly packumentCache full:https://registry.npmjs.org/path-exists set size:undefined disposed:false
145 http fetch GET 200 https://registry.npmjs.org/locate-path 496ms (cache miss)
146 silly packumentCache full:https://registry.npmjs.org/locate-path set size:undefined disposed:false
147 silly placeDep ROOT locate-path@5.0.0 OK for: find-up@4.1.0 want: ^5.0.0
148 silly placeDep ROOT path-exists@4.0.0 OK for: find-up@4.1.0 want: ^4.0.0
149 silly fetch manifest p-locate@^4.1.0
150 silly packumentCache full:https://registry.npmjs.org/p-locate cache-miss
151 http fetch GET 200 https://registry.npmjs.org/p-locate 126ms (cache miss)
152 silly packumentCache full:https://registry.npmjs.org/p-locate set size:undefined disposed:false
153 silly placeDep ROOT p-locate@4.1.0 OK for: locate-path@5.0.0 want: ^4.1.0
154 silly fetch manifest p-limit@^2.2.0
155 silly packumentCache full:https://registry.npmjs.org/p-limit cache-miss
156 http fetch GET 200 https://registry.npmjs.org/p-limit 141ms (cache miss)
157 silly packumentCache full:https://registry.npmjs.org/p-limit set size:undefined disposed:false
158 silly placeDep ROOT p-limit@2.3.0 OK for: p-locate@4.1.0 want: ^2.2.0
159 silly fetch manifest p-try@^2.0.0
160 silly packumentCache full:https://registry.npmjs.org/p-try cache-miss
161 http fetch GET 200 https://registry.npmjs.org/p-try 112ms (cache miss)
162 silly packumentCache full:https://registry.npmjs.org/p-try set size:undefined disposed:false
163 silly placeDep ROOT p-try@2.2.0 OK for: p-limit@2.3.0 want: ^2.0.0
164 silly placeDep ROOT escape-string-regexp@1.0.5 OK for: strip-outer@1.0.1 want: ^1.0.2
165 silly reify moves {}
166 silly audit bulk request {
166 silly audit   '@alloc/quick-lru': [ '5.2.0' ],
166 silly audit   '@babel/code-frame': [ '7.29.7' ],
166 silly audit   '@babel/compat-data': [ '7.29.7' ],
166 silly audit   '@babel/core': [ '7.29.7' ],
166 silly audit   '@babel/generator': [ '7.29.7' ],
166 silly audit   '@babel/helper-compilation-targets': [ '7.29.7' ],
166 silly audit   '@babel/helper-globals': [ '7.29.7' ],
166 silly audit   '@babel/helper-module-imports': [ '7.29.7' ],
166 silly audit   '@babel/helper-module-transforms': [ '7.29.7' ],
166 silly audit   '@babel/helper-plugin-utils': [ '7.29.7' ],
166 silly audit   '@babel/helper-string-parser': [ '7.29.7' ],
166 silly audit   '@babel/helper-validator-identifier': [ '7.29.7' ],
166 silly audit   '@babel/helper-validator-option': [ '7.29.7' ],
166 silly audit   '@babel/helpers': [ '7.29.7' ],
166 silly audit   '@babel/parser': [ '7.29.7' ],
166 silly audit   '@babel/plugin-transform-react-jsx-self': [ '7.29.7' ],
166 silly audit   '@babel/plugin-transform-react-jsx-source': [ '7.29.7' ],
166 silly audit   '@babel/template': [ '7.29.7' ],
166 silly audit   '@babel/traverse': [ '7.29.7' ],
166 silly audit   '@babel/types': [ '7.29.7' ],
166 silly audit   '@esbuild/aix-ppc64': [ '0.27.7' ],
166 silly audit   '@esbuild/android-arm': [ '0.27.7' ],
166 silly audit   '@esbuild/android-arm64': [ '0.27.7' ],
166 silly audit   '@esbuild/android-x64': [ '0.27.7' ],
166 silly audit   '@esbuild/darwin-arm64': [ '0.27.7' ],
166 silly audit   '@esbuild/darwin-x64': [ '0.27.7' ],
166 silly audit   '@esbuild/freebsd-arm64': [ '0.27.7' ],
166 silly audit   '@esbuild/freebsd-x64': [ '0.27.7' ],
166 silly audit   '@esbuild/linux-arm': [ '0.27.7' ],
166 silly audit   '@esbuild/linux-arm64': [ '0.27.7' ],
166 silly audit   '@esbuild/linux-ia32': [ '0.27.7' ],
166 silly audit   '@esbuild/linux-loong64': [ '0.27.7' ],
166 silly audit   '@esbuild/linux-mips64el': [ '0.27.7' ],
166 silly audit   '@esbuild/linux-ppc64': [ '0.27.7' ],
166 silly audit   '@esbuild/linux-riscv64': [ '0.27.7' ],
166 silly audit   '@esbuild/linux-s390x': [ '0.27.7' ],
166 silly audit   '@esbuild/linux-x64': [ '0.27.7' ],
166 silly audit   '@esbuild/netbsd-arm64': [ '0.27.7' ],
166 silly audit   '@esbuild/netbsd-x64': [ '0.27.7' ],
166 silly audit   '@esbuild/openbsd-arm64': [ '0.27.7' ],
166 silly audit   '@esbuild/openbsd-x64': [ '0.27.7' ],
166 silly audit   '@esbuild/openharmony-arm64': [ '0.27.7' ],
166 silly audit   '@esbuild/sunos-x64': [ '0.27.7' ],
166 silly audit   '@esbuild/win32-arm64': [ '0.27.7' ],
166 silly audit   '@esbuild/win32-ia32': [ '0.27.7' ],
166 silly audit   '@esbuild/win32-x64': [ '0.27.7' ],
166 silly audit   '@jridgewell/gen-mapping': [ '0.3.13' ],
166 silly audit   '@jridgewell/remapping': [ '2.3.5' ],
166 silly audit   '@jridgewell/resolve-uri': [ '3.1.2' ],
166 silly audit   '@jridgewell/sourcemap-codec': [ '1.5.5' ],
166 silly audit   '@jridgewell/trace-mapping': [ '0.3.31' ],
166 silly audit   '@nodelib/fs.scandir': [ '2.1.5' ],
166 silly audit   '@nodelib/fs.stat': [ '2.0.5' ],
166 silly audit   '@nodelib/fs.walk': [ '1.2.8' ],
166 silly audit   '@rolldown/pluginutils': [ '1.0.0-beta.47' ],
166 silly audit   '@rollup/rollup-android-arm-eabi': [ '4.61.0' ],
166 silly audit   '@rollup/rollup-android-arm64': [ '4.61.0' ],
166 silly audit   '@rollup/rollup-darwin-arm64': [ '4.61.0' ],
166 silly audit   '@rollup/rollup-darwin-x64': [ '4.61.0' ],
166 silly audit   '@rollup/rollup-freebsd-arm64': [ '4.61.0' ],
166 silly audit   '@rollup/rollup-freebsd-x64': [ '4.61.0' ],
166 silly audit   '@rollup/rollup-linux-arm-gnueabihf': [ '4.61.0' ],
166 silly audit   '@rollup/rollup-linux-arm-musleabihf': [ '4.61.0' ],
166 silly audit   '@rollup/rollup-linux-arm64-gnu': [ '4.61.0' ],
166 silly audit   '@rollup/rollup-linux-arm64-musl': [ '4.61.0' ],
166 silly audit   '@rollup/rollup-linux-loong64-gnu': [ '4.61.0' ],
166 silly audit   '@rollup/rollup-linux-loong64-musl': [ '4.61.0' ],
166 silly audit   '@rollup/rollup-linux-ppc64-gnu': [ '4.61.0' ],
166 silly audit   '@rollup/rollup-linux-ppc64-musl': [ '4.61.0' ],
166 silly audit   '@rollup/rollup-linux-riscv64-gnu': [ '4.61.0' ],
166 silly audit   '@rollup/rollup-linux-riscv64-musl': [ '4.61.0' ],
166 silly audit   '@rollup/rollup-linux-s390x-gnu': [ '4.61.0' ],
166 silly audit   '@rollup/rollup-linux-x64-gnu': [ '4.61.0' ],
166 silly audit   '@rollup/rollup-linux-x64-musl': [ '4.61.0' ],
166 silly audit   '@rollup/rollup-openbsd-x64': [ '4.61.0' ],
166 silly audit   '@rollup/rollup-openharmony-arm64': [ '4.61.0' ],
166 silly audit   '@rollup/rollup-win32-arm64-msvc': [ '4.61.0' ],
166 silly audit   '@rollup/rollup-win32-ia32-msvc': [ '4.61.0' ],
166 silly audit   '@rollup/rollup-win32-x64-gnu': [ '4.61.0' ],
166 silly audit   '@rollup/rollup-win32-x64-msvc': [ '4.61.0' ],
166 silly audit   '@types/babel__core': [ '7.20.5' ],
166 silly audit   '@types/babel__generator': [ '7.27.0' ],
166 silly audit   '@types/babel__template': [ '7.4.4' ],
166 silly audit   '@types/babel__traverse': [ '7.28.0' ],
166 silly audit   '@types/estree': [ '1.0.9' ],
166 silly audit   '@types/node': [ '22.19.17' ],
166 silly audit   '@types/react': [ '19.2.7' ],
166 silly audit   '@types/react-dom': [ '19.2.3' ],
166 silly audit   '@vitejs/plugin-react': [ '5.1.1' ],
166 silly audit   'any-promise': [ '1.3.0' ],
166 silly audit   anymatch: [ '3.1.3' ],
166 silly audit   picomatch: [ '2.3.2', '4.0.4' ],
166 silly audit   arg: [ '5.0.2' ],
166 silly audit   autoprefixer: [ '10.5.0' ],
166 silly audit   'baseline-browser-mapping': [ '2.10.33' ],
166 silly audit   'binary-extensions': [ '2.3.0' ],
166 silly audit   braces: [ '3.0.3' ],
166 silly audit   browserslist: [ '4.28.2' ],
166 silly audit   'camelcase-css': [ '2.0.1' ],
166 silly audit   'caniuse-lite': [ '1.0.30001793' ],
166 silly audit   chokidar: [ '3.6.0' ],
166 silly audit   'glob-parent': [ '5.1.2', '6.0.2' ],
166 silly audit   clsx: [ '2.1.1' ],
166 silly audit   commander: [ '4.1.1', '13.1.0' ],
166 silly audit   'convert-source-map': [ '2.0.0' ],
166 silly audit   cookie: [ '1.1.1' ],
166 silly audit   cssesc: [ '3.0.0' ],
166 silly audit   csstype: [ '3.2.3' ],
166 silly audit   debug: [ '4.4.3' ],
166 silly audit   'detect-libc': [ '2.1.2' ],
166 silly audit   didyoumean: [ '1.2.2' ],
166 silly audit   dlv: [ '1.1.3' ],
166 silly audit   'electron-to-chromium': [ '1.5.364' ],
166 silly audit   'es-errors': [ '1.3.0' ],
166 silly audit   esbuild: [ '0.27.7' ],
166 silly audit   escalade: [ '3.2.0' ],
166 silly audit   'fast-glob': [ '3.3.3' ],
166 silly audit   fastq: [ '1.20.1' ],
166 silly audit   fdir: [ '6.5.0' ],
166 silly audit   'fill-range': [ '7.1.1' ],
166 silly audit   'fraction.js': [ '5.3.4' ],
166 silly audit   fsevents: [ '2.3.3' ],
166 silly audit   'function-bind': [ '1.1.2' ],
166 silly audit   gensync: [ '1.0.0-beta.2' ],
166 silly audit   hasown: [ '2.0.4' ],
166 silly audit   'is-binary-path': [ '2.1.0' ],
166 silly audit   'is-core-module': [ '2.16.2' ],
166 silly audit   'is-extglob': [ '2.1.1' ],
166 silly audit   'is-glob': [ '4.0.3' ],
166 silly audit   'is-number': [ '7.0.0' ],
166 silly audit   jiti: [ '1.21.7' ],
166 silly audit   'js-tokens': [ '4.0.0' ],
166 silly audit   jsesc: [ '3.1.0' ],
166 silly audit   json5: [ '2.2.3' ],
166 silly audit   lightningcss: [ '1.32.0' ],
166 silly audit   'lightningcss-android-arm64': [ '1.32.0' ],
166 silly audit   'lightningcss-darwin-arm64': [ '1.32.0' ],
166 silly audit   'lightningcss-darwin-x64': [ '1.32.0' ],
166 silly audit   'lightningcss-freebsd-x64': [ '1.32.0' ],
166 silly audit   'lightningcss-linux-arm-gnueabihf': [ '1.32.0' ],
166 silly audit   'lightningcss-linux-arm64-gnu': [ '1.32.0' ],
166 silly audit   'lightningcss-linux-arm64-musl': [ '1.32.0' ],
166 silly audit   'lightningcss-linux-x64-gnu': [ '1.32.0' ],
166 silly audit   'lightningcss-linux-x64-musl': [ '1.32.0' ],
166 silly audit   'lightningcss-win32-arm64-msvc': [ '1.32.0' ],
166 silly audit   'lightningcss-win32-x64-msvc': [ '1.32.0' ],
166 silly audit   lilconfig: [ '3.1.3' ],
166 silly audit   'lines-and-columns': [ '1.2.4' ],
166 silly audit   'lru-cache': [ '5.1.1' ],
166 silly audit   'lucide-react': [ '1.17.0' ],
166 silly audit   merge2: [ '1.4.1' ],
166 silly audit   micromatch: [ '4.0.8' ],
166 silly audit   ms: [ '2.1.3' ],
166 silly audit   mz: [ '2.7.0' ],
166 silly audit   nanoid: [ '3.3.12' ],
166 silly audit   'node-releases': [ '2.0.46' ],
166 silly audit   'normalize-path': [ '3.0.0' ],
166 silly audit   'object-assign': [ '4.1.1' ],
166 silly audit   'object-hash': [ '3.0.0' ],
166 silly audit   'path-parse': [ '1.0.7' ],
166 silly audit   picocolors: [ '1.1.1' ],
166 silly audit   pify: [ '2.3.0' ],
166 silly audit   pirates: [ '4.0.7' ],
166 silly audit   postcss: [ '8.5.15' ],
166 silly audit   'postcss-import': [ '15.1.0' ],
166 silly audit   'postcss-js': [ '4.1.0' ],
166 silly audit   'postcss-load-config': [ '6.0.1' ],
166 silly audit   'postcss-nested': [ '6.2.0' ],
166 silly audit   'postcss-selector-parser': [ '6.1.2' ],
166 silly audit   'postcss-value-parser': [ '4.2.0' ],
166 silly audit   'queue-microtask': [ '1.2.3' ],
166 silly audit   react: [ '19.2.6' ],
166 silly audit   'react-dom': [ '19.2.6' ],
166 silly audit   'react-refresh': [ '0.18.0' ],
166 silly audit   'react-router': [ '7.16.0' ],
166 silly audit   'react-router-dom': [ '7.16.0' ],
166 silly audit   'read-cache': [ '1.0.0' ],
166 silly audit   readdirp: [ '3.6.0' ],
166 silly audit   resolve: [ '1.22.12' ],
166 silly audit   reusify: [ '1.1.0' ],
166 silly audit   rollup: [ '4.61.0' ],
166 silly audit   'run-parallel': [ '1.2.0' ],
166 silly audit   scheduler: [ '0.27.0' ],
166 silly audit   semver: [ '6.3.1' ],
166 silly audit   'set-cookie-parser': [ '2.7.2' ],
166 silly audit   'source-map-js': [ '1.2.1' ],
166 silly audit   sucrase: [ '3.35.1' ],
166 silly audit   'supports-preserve-symlinks-flag': [ '1.0.0' ],
166 silly audit   'tailwind-merge': [ '3.4.0' ],
166 silly audit   tailwindcss: [ '3.4.19' ],
166 silly audit   thenify: [ '3.3.1' ],
166 silly audit   'thenify-all': [ '1.6.0' ],
166 silly audit   tinyglobby: [ '0.2.17' ],
166 silly audit   'to-regex-range': [ '5.0.1' ],
166 silly audit   'ts-interface-checker': [ '0.1.13' ],
166 silly audit   typescript: [ '5.9.3' ],
166 silly audit   'undici-types': [ '6.21.0' ],
166 silly audit   'update-browserslist-db': [ '1.2.3' ],
166 silly audit   'util-deprecate': [ '1.0.2' ],
166 silly audit   vite: [ '7.3.2' ],
166 silly audit   'vite-plugin-singlefile': [ '2.3.0' ],
166 silly audit   yallist: [ '3.1.1' ],
166 silly audit   'gh-pages': [ '6.3.0' ],
166 silly audit   async: [ '3.2.6' ],
166 silly audit   'email-addresses': [ '5.0.0' ],
166 silly audit   filenamify: [ '4.3.0' ],
166 silly audit   'find-cache-dir': [ '3.3.2' ],
166 silly audit   'fs-extra': [ '11.3.5' ],
166 silly audit   globby: [ '11.1.0' ],
166 silly audit   'filename-reserved-regex': [ '2.0.0' ],
166 silly audit   'strip-outer': [ '1.0.1' ],
166 silly audit   'trim-repeated': [ '1.0.0' ],
166 silly audit   commondir: [ '1.0.1' ],
166 silly audit   'make-dir': [ '3.1.0' ],
166 silly audit   'pkg-dir': [ '4.2.0' ],
166 silly audit   'graceful-fs': [ '4.2.11' ],
166 silly audit   jsonfile: [ '6.2.1' ],
166 silly audit   universalify: [ '2.0.1' ],
166 silly audit   'array-union': [ '2.1.0' ],
166 silly audit   'dir-glob': [ '3.0.1' ],
166 silly audit   ignore: [ '5.3.2' ],
166 silly audit   slash: [ '3.0.0' ],
166 silly audit   'path-type': [ '4.0.0' ],
166 silly audit   'find-up': [ '4.1.0' ],
166 silly audit   'locate-path': [ '5.0.0' ],
166 silly audit   'path-exists': [ '4.0.0' ],
166 silly audit   'p-locate': [ '4.1.0' ],
166 silly audit   'p-limit': [ '2.3.0' ],
166 silly audit   'p-try': [ '2.2.0' ],
166 silly audit   'escape-string-regexp': [ '1.0.5' ]
166 silly audit }
167 http cache escape-string-regexp@https://registry.npmjs.org/escape-string-regexp/-/escape-string-regexp-1.0.5.tgz 0ms (cache hit)
168 http cache p-try@https://registry.npmjs.org/p-try/-/p-try-2.2.0.tgz 0ms (cache hit)
169 http cache p-limit@https://registry.npmjs.org/p-limit/-/p-limit-2.3.0.tgz 0ms (cache hit)
170 http cache p-locate@https://registry.npmjs.org/p-locate/-/p-locate-4.1.0.tgz 0ms (cache hit)
171 http cache path-exists@https://registry.npmjs.org/path-exists/-/path-exists-4.0.0.tgz 1ms (cache hit)
172 http cache locate-path@https://registry.npmjs.org/locate-path/-/locate-path-5.0.0.tgz 0ms (cache hit)
173 http cache find-up@https://registry.npmjs.org/find-up/-/find-up-4.1.0.tgz 0ms (cache hit)
174 http cache path-type@https://registry.npmjs.org/path-type/-/path-type-4.0.0.tgz 0ms (cache hit)
175 http cache slash@https://registry.npmjs.org/slash/-/slash-3.0.0.tgz 0ms (cache hit)
176 http cache ignore@https://registry.npmjs.org/ignore/-/ignore-5.3.2.tgz 0ms (cache hit)
177 http cache dir-glob@https://registry.npmjs.org/dir-glob/-/dir-glob-3.0.1.tgz 0ms (cache hit)
178 http cache universalify@https://registry.npmjs.org/universalify/-/universalify-2.0.1.tgz 0ms (cache hit)
179 http cache array-union@https://registry.npmjs.org/array-union/-/array-union-2.1.0.tgz 1ms (cache hit)
180 http cache jsonfile@https://registry.npmjs.org/jsonfile/-/jsonfile-6.2.1.tgz 1ms (cache hit)
181 http cache graceful-fs@https://registry.npmjs.org/graceful-fs/-/graceful-fs-4.2.11.tgz 0ms (cache hit)
182 http cache pkg-dir@https://registry.npmjs.org/pkg-dir/-/pkg-dir-4.2.0.tgz 0ms (cache hit)
183 http cache make-dir@https://registry.npmjs.org/make-dir/-/make-dir-3.1.0.tgz 0ms (cache hit)
184 http cache commondir@https://registry.npmjs.org/commondir/-/commondir-1.0.1.tgz 0ms (cache hit)
185 http cache trim-repeated@https://registry.npmjs.org/trim-repeated/-/trim-repeated-1.0.0.tgz 0ms (cache hit)
186 http cache strip-outer@https://registry.npmjs.org/strip-outer/-/strip-outer-1.0.1.tgz 0ms (cache hit)
187 http cache filename-reserved-regex@https://registry.npmjs.org/filename-reserved-regex/-/filename-reserved-regex-2.0.0.tgz 0ms (cache hit)
188 http cache globby@https://registry.npmjs.org/globby/-/globby-11.1.0.tgz 0ms (cache hit)
189 http cache fs-extra@https://registry.npmjs.org/fs-extra/-/fs-extra-11.3.5.tgz 0ms (cache hit)
190 http cache filenamify@https://registry.npmjs.org/filenamify/-/filenamify-4.3.0.tgz 0ms (cache hit)
191 http cache email-addresses@https://registry.npmjs.org/email-addresses/-/email-addresses-5.0.0.tgz 0ms (cache hit)
192 http cache async@https://registry.npmjs.org/async/-/async-3.2.6.tgz 0ms (cache hit)
193 http cache gh-pages@https://registry.npmjs.org/gh-pages/-/gh-pages-6.3.0.tgz 0ms (cache hit)
194 http cache find-cache-dir@https://registry.npmjs.org/find-cache-dir/-/find-cache-dir-3.3.2.tgz 0ms (cache hit)
195 http cache commander@https://registry.npmjs.org/commander/-/commander-13.1.0.tgz 0ms (cache hit)
196 silly tarball no local data for p-try@https://registry.npmjs.org/p-try/-/p-try-2.2.0.tgz. Extracting by manifest.
197 silly tarball no local data for p-limit@https://registry.npmjs.org/p-limit/-/p-limit-2.3.0.tgz. Extracting by manifest.
198 silly tarball no local data for p-locate@https://registry.npmjs.org/p-locate/-/p-locate-4.1.0.tgz. Extracting by manifest.
199 silly tarball no local data for path-exists@https://registry.npmjs.org/path-exists/-/path-exists-4.0.0.tgz. Extracting by manifest.
200 silly tarball no local data for locate-path@https://registry.npmjs.org/locate-path/-/locate-path-5.0.0.tgz. Extracting by manifest.
201 silly tarball no local data for find-up@https://registry.npmjs.org/find-up/-/find-up-4.1.0.tgz. Extracting by manifest.
202 silly tarball no local data for path-type@https://registry.npmjs.org/path-type/-/path-type-4.0.0.tgz. Extracting by manifest.
203 silly tarball no local data for slash@https://registry.npmjs.org/slash/-/slash-3.0.0.tgz. Extracting by manifest.
204 silly tarball no local data for ignore@https://registry.npmjs.org/ignore/-/ignore-5.3.2.tgz. Extracting by manifest.
205 silly tarball no local data for dir-glob@https://registry.npmjs.org/dir-glob/-/dir-glob-3.0.1.tgz. Extracting by manifest.
206 silly tarball no local data for array-union@https://registry.npmjs.org/array-union/-/array-union-2.1.0.tgz. Extracting by manifest.
207 silly tarball no local data for pkg-dir@https://registry.npmjs.org/pkg-dir/-/pkg-dir-4.2.0.tgz. Extracting by manifest.
208 silly tarball no local data for make-dir@https://registry.npmjs.org/make-dir/-/make-dir-3.1.0.tgz. Extracting by manifest.
209 silly tarball no local data for commondir@https://registry.npmjs.org/commondir/-/commondir-1.0.1.tgz. Extracting by manifest.
210 silly tarball no local data for trim-repeated@https://registry.npmjs.org/trim-repeated/-/trim-repeated-1.0.0.tgz. Extracting by manifest.
211 silly tarball no local data for strip-outer@https://registry.npmjs.org/strip-outer/-/strip-outer-1.0.1.tgz. Extracting by manifest.
212 silly tarball no local data for filename-reserved-regex@https://registry.npmjs.org/filename-reserved-regex/-/filename-reserved-regex-2.0.0.tgz. Extracting by manifest.
213 silly tarball no local data for globby@https://registry.npmjs.org/globby/-/globby-11.1.0.tgz. Extracting by manifest.
214 silly tarball no local data for filenamify@https://registry.npmjs.org/filenamify/-/filenamify-4.3.0.tgz. Extracting by manifest.
215 silly tarball no local data for email-addresses@https://registry.npmjs.org/email-addresses/-/email-addresses-5.0.0.tgz. Extracting by manifest.
216 silly tarball no local data for async@https://registry.npmjs.org/async/-/async-3.2.6.tgz. Extracting by manifest.
217 silly tarball no local data for gh-pages@https://registry.npmjs.org/gh-pages/-/gh-pages-6.3.0.tgz. Extracting by manifest.
218 silly tarball no local data for find-cache-dir@https://registry.npmjs.org/find-cache-dir/-/find-cache-dir-3.3.2.tgz. Extracting by manifest.
219 silly tarball no local data for commander@https://registry.npmjs.org/commander/-/commander-13.1.0.tgz. Extracting by manifest.
220 http fetch POST 200 https://registry.npmjs.org/-/npm/v1/security/advisories/bulk 1258ms
221 silly audit report {}
222 http fetch GET 200 https://registry.npmjs.org/p-try/-/p-try-2.2.0.tgz 1862ms (cache miss)
223 http fetch GET 200 https://registry.npmjs.org/p-limit/-/p-limit-2.3.0.tgz 1856ms (cache miss)
224 http fetch GET 200 https://registry.npmjs.org/path-exists/-/path-exists-4.0.0.tgz 1867ms (cache miss)
225 http fetch GET 200 https://registry.npmjs.org/filename-reserved-regex/-/filename-reserved-regex-2.0.0.tgz 1767ms (cache miss)
226 http fetch GET 200 https://registry.npmjs.org/strip-outer/-/strip-outer-1.0.1.tgz 1781ms (cache miss)
227 http fetch GET 200 https://registry.npmjs.org/p-locate/-/p-locate-4.1.0.tgz 1908ms (cache miss)
228 http fetch GET 200 https://registry.npmjs.org/find-up/-/find-up-4.1.0.tgz 1899ms (cache miss)
229 http fetch GET 200 https://registry.npmjs.org/trim-repeated/-/trim-repeated-1.0.0.tgz 1830ms (cache miss)
230 http fetch GET 200 https://registry.npmjs.org/find-cache-dir/-/find-cache-dir-3.3.2.tgz 1770ms (cache miss)
231 http fetch GET 200 https://registry.npmjs.org/locate-path/-/locate-path-5.0.0.tgz 1937ms (cache miss)
232 http fetch GET 200 https://registry.npmjs.org/filenamify/-/filenamify-4.3.0.tgz 1847ms (cache miss)
233 http fetch GET 200 https://registry.npmjs.org/path-type/-/path-type-4.0.0.tgz 1955ms (cache miss)
234 http fetch GET 200 https://registry.npmjs.org/slash/-/slash-3.0.0.tgz 1952ms (cache miss)
235 http fetch GET 200 https://registry.npmjs.org/array-union/-/array-union-2.1.0.tgz 1930ms (cache miss)
236 http fetch GET 200 https://registry.npmjs.org/make-dir/-/make-dir-3.1.0.tgz 1934ms (cache miss)
237 http fetch GET 200 https://registry.npmjs.org/dir-glob/-/dir-glob-3.0.1.tgz 1967ms (cache miss)
238 http fetch GET 200 https://registry.npmjs.org/pkg-dir/-/pkg-dir-4.2.0.tgz 1953ms (cache miss)
239 http fetch GET 200 https://registry.npmjs.org/commondir/-/commondir-1.0.1.tgz 1942ms (cache miss)
240 http fetch GET 200 https://registry.npmjs.org/globby/-/globby-11.1.0.tgz 1911ms (cache miss)
241 http fetch GET 200 https://registry.npmjs.org/ignore/-/ignore-5.3.2.tgz 2055ms (cache miss)
242 http fetch GET 200 https://registry.npmjs.org/email-addresses/-/email-addresses-5.0.0.tgz 2015ms (cache miss)
243 http fetch GET 200 https://registry.npmjs.org/gh-pages/-/gh-pages-6.3.0.tgz 2001ms (cache miss)
244 http fetch GET 200 https://registry.npmjs.org/commander/-/commander-13.1.0.tgz 2035ms (cache miss)
245 http fetch GET 200 https://registry.npmjs.org/async/-/async-3.2.6.tgz 2415ms (cache miss)
246 silly ADD node_modules/escape-string-regexp
247 silly ADD node_modules/p-try
248 silly ADD node_modules/p-limit
249 silly ADD node_modules/p-locate
250 silly ADD node_modules/path-exists
251 silly ADD node_modules/locate-path
252 silly ADD node_modules/find-up
253 silly ADD node_modules/path-type
254 silly ADD node_modules/slash
255 silly ADD node_modules/ignore
256 silly ADD node_modules/dir-glob
257 silly ADD node_modules/array-union
258 silly ADD node_modules/universalify
259 silly ADD node_modules/jsonfile
260 silly ADD node_modules/graceful-fs
261 silly ADD node_modules/pkg-dir
262 silly ADD node_modules/make-dir
263 silly ADD node_modules/commondir
264 silly ADD node_modules/trim-repeated
265 silly ADD node_modules/strip-outer
266 silly ADD node_modules/filename-reserved-regex
267 silly ADD node_modules/globby
268 silly ADD node_modules/fs-extra
269 silly ADD node_modules/find-cache-dir
270 silly ADD node_modules/filenamify
271 silly ADD node_modules/email-addresses
272 silly ADD node_modules/async
273 silly ADD node_modules/gh-pages
274 silly ADD node_modules/gh-pages/node_modules/commander
275 verbose cwd /data/data/com.termux/files/home
276 verbose os Linux 4.19.127-perf-g7288046673d5
277 verbose node v26.2.0
278 verbose npm  v11.15.0
279 verbose exit 0
280 info ok
